Log file open, 02/13/17 19:34:54
LogInit:Display: Running engine for game: FearOfMyDreams
LogPlatformFile: Not using cached read wrapper
LogInit:Display: RandInit(683607107) SRandInit(683607121).
LogTaskGraph: Started task graph with 5 named threads and 8 total threads with 1 sets of task threads.
LogStats: Stats thread started at 0.470048
LogPluginManager: Loaded Plugin Paper2D, From C:/Program Files (x86)/Epic Games/4.14/Engine/Plugins/2D/Paper2D/Paper2D.uplugin
LogPluginManager: Loaded Plugin LightPropagationVolume, From C:/Program Files (x86)/Epic Games/4.14/Engine/Plugins/Blendables/LightPropagationVolume/LightPropagationVolume.uplugin
LogPluginManager: Loaded Plugin BlankPlugin, From C:/Program Files (x86)/Epic Games/4.14/Engine/Plugins/Developer/BlankPlugin/BlankPlugin.uplugin
LogPluginManager: Loaded Plugin CodeLiteSourceCodeAccess, From C:/Program Files (x86)/Epic Games/4.14/Engine/Plugins/Developer/CodeLiteSourceCodeAccess/CodeLiteSourceCodeAccess.uplugin
LogPluginManager: Loaded Plugin GitSourceControl, From C:/Program Files (x86)/Epic Games/4.14/Engine/Plugins/Developer/GitSourceControl/GitSourceControl.uplugin
LogPluginManager: Loaded Plugin KDevelopSourceCodeAccess, From C:/Program Files (x86)/Epic Games/4.14/Engine/Plugins/Developer/KDevelopSourceCodeAccess/KDevelopSourceCodeAccess.uplugin
LogPluginManager: Loaded Plugin NullSourceCodeAccess, From C:/Program Files (x86)/Epic Games/4.14/Engine/Plugins/Developer/NullSourceCodeAccess/NullSourceCodeAccess.uplugin
LogPluginManager: Loaded Plugin OneSkyLocalizationService, From C:/Program Files (x86)/Epic Games/4.14/Engine/Plugins/Developer/OneSkyLocalizationService/OneSkyLocalizationService.uplugin
LogPluginManager: Loaded Plugin PerforceSourceControl, From C:/Program Files (x86)/Epic Games/4.14/Engine/Plugins/Developer/PerforceSourceControl/PerforceSourceControl.uplugin
LogPluginManager: Loaded Plugin SubversionSourceControl, From C:/Program Files (x86)/Epic Games/4.14/Engine/Plugins/Developer/SubversionSourceControl/SubversionSourceControl.uplugin
LogPluginManager: Loaded Plugin UObjectPlugin, From C:/Program Files (x86)/Epic Games/4.14/Engine/Plugins/Developer/UObjectPlugin/UObjectPlugin.uplugin
LogPluginManager: Loaded Plugin VisualStudioSourceCodeAccess, From C:/Program Files (x86)/Epic Games/4.14/Engine/Plugins/Developer/VisualStudioSourceCodeAccess/VisualStudioSourceCodeAccess.uplugin
LogPluginManager: Loaded Plugin XCodeSourceCodeAccess, From C:/Program Files (x86)/Epic Games/4.14/Engine/Plugins/Developer/XCodeSourceCodeAccess/XCodeSourceCodeAccess.uplugin
LogPluginManager: Loaded Plugin AudioCapture, From C:/Program Files (x86)/Epic Games/4.14/Engine/Plugins/Editor/AudioCapture/AudioCapture.uplugin
LogPluginManager: Loaded Plugin EpicSurvey, From C:/Program Files (x86)/Epic Games/4.14/Engine/Plugins/Editor/EpicSurvey/EpicSurvey.uplugin
LogPluginManager: Loaded Plugin MacGraphicsSwitching, From C:/Program Files (x86)/Epic Games/4.14/Engine/Plugins/Editor/MacGraphicsSwitching/MacGraphicsSwitching.uplugin
LogPluginManager: Loaded Plugin MobileLauncherProfileWizard, From C:/Program Files (x86)/Epic Games/4.14/Engine/Plugins/Editor/MobileLauncherProfileWizard/MobileLauncherProfileWizard.uplugin
LogPluginManager: Loaded Plugin PluginBrowser, From C:/Program Files (x86)/Epic Games/4.14/Engine/Plugins/Editor/PluginBrowser/PluginBrowser.uplugin
LogPluginManager: Loaded Plugin SpeedTreeImporter, From C:/Program Files (x86)/Epic Games/4.14/Engine/Plugins/Editor/SpeedTreeImporter/SpeedTreeImporter.uplugin
LogPluginManager: Loaded Plugin SuperSearchEditor, From C:/Program Files (x86)/Epic Games/4.14/Engine/Plugins/Editor/SuperSearchEditor/SuperSearchEditor.uplugin
LogPluginManager: Loaded Plugin AlembicImporter, From C:/Program Files (x86)/Epic Games/4.14/Engine/Plugins/Experimental/AlembicImporter/AlembicImporter.uplugin
LogPluginManager: Loaded Plugin BlueprintStats, From C:/Program Files (x86)/Epic Games/4.14/Engine/Plugins/Experimental/BlueprintStats/BlueprintStats.uplugin
LogPluginManager: Loaded Plugin CharacterAI, From C:/Program Files (x86)/Epic Games/4.14/Engine/Plugins/Experimental/CharacterAI/CharacterAI.uplugin
LogPluginManager: Loaded Plugin CodeEditor, From C:/Program Files (x86)/Epic Games/4.14/Engine/Plugins/Experimental/CodeEditor/CodeEditor.uplugin
LogPluginManager: Loaded Plugin CodeView, From C:/Program Files (x86)/Epic Games/4.14/Engine/Plugins/Experimental/CodeView/CodeView.uplugin
LogPluginManager: Loaded Plugin HTML5Networking, From C:/Program Files (x86)/Epic Games/4.14/Engine/Plugins/Experimental/HTML5Networking/HTML5Networking.uplugin
LogPluginManager: Loaded Plugin OSVR, From C:/Program Files (x86)/Epic Games/4.14/Engine/Plugins/Experimental/OSVR/OSVR.uplugin
LogPluginManager: Loaded Plugin Phya, From C:/Program Files (x86)/Epic Games/4.14/Engine/Plugins/Experimental/Phya/Phya.uplugin
LogPluginManager: Loaded Plugin SignificanceManager, From C:/Program Files (x86)/Epic Games/4.14/Engine/Plugins/Experimental/SignificanceManager/SignificanceManager.uplugin
LogPluginManager: Loaded Plugin SimpleHMD, From C:/Program Files (x86)/Epic Games/4.14/Engine/Plugins/Experimental/SimpleHMD/SimpleHMD.uplugin
LogPluginManager: Loaded Plugin StereoPanorama, From C:/Program Files (x86)/Epic Games/4.14/Engine/Plugins/Experimental/StereoPanorama/StereoPanorama.uplugin
LogPluginManager: Loaded Plugin StructBox, From C:/Program Files (x86)/Epic Games/4.14/Engine/Plugins/Experimental/StructBox/StructBox.uplugin
LogPluginManager: Loaded Plugin AndroidMedia, From C:/Program Files (x86)/Epic Games/4.14/Engine/Plugins/Media/AndroidMedia/AndroidMedia.uplugin
LogPluginManager: Loaded Plugin AvfMedia, From C:/Program Files (x86)/Epic Games/4.14/Engine/Plugins/Media/AvfMedia/AvfMedia.uplugin
LogPluginManager: Loaded Plugin MediaPlayerEditor, From C:/Program Files (x86)/Epic Games/4.14/Engine/Plugins/Media/MediaPlayerEditor/MediaPlayerEditor.uplugin
LogPluginManager: Loaded Plugin WmfMedia, From C:/Program Files (x86)/Epic Games/4.14/Engine/Plugins/Media/WmfMedia/WmfMedia.uplugin
LogPluginManager: Loaded Plugin MessagingDebugger, From C:/Program Files (x86)/Epic Games/4.14/Engine/Plugins/Messaging/MessagingDebugger/MessagingDebugger.uplugin
LogPluginManager: Loaded Plugin TcpMessaging, From C:/Program Files (x86)/Epic Games/4.14/Engine/Plugins/Messaging/TcpMessaging/TcpMessaging.uplugin
LogPluginManager: Loaded Plugin UdpMessaging, From C:/Program Files (x86)/Epic Games/4.14/Engine/Plugins/Messaging/UdpMessaging/UdpMessaging.uplugin
LogPluginManager: Loaded Plugin LevelSequenceEditor, From C:/Program Files (x86)/Epic Games/4.14/Engine/Plugins/MovieScene/LevelSequenceEditor/LevelSequenceEditor.uplugin
LogPluginManager: Loaded Plugin MatineeToLevelSequence, From C:/Program Files (x86)/Epic Games/4.14/Engine/Plugins/MovieScene/MatineeToLevelSequence/MatineeToLevelSequence.uplugin
LogPluginManager: Loaded Plugin NetcodeUnitTest, From C:/Program Files (x86)/Epic Games/4.14/Engine/Plugins/NetcodeUnitTest/NetcodeUnitTest/NetcodeUnitTest.uplugin
LogPluginManager: Loaded Plugin NUTUnrealEngine4, From C:/Program Files (x86)/Epic Games/4.14/Engine/Plugins/NetcodeUnitTest/NUTUnrealEngine4/NUTUnrealEngine4.uplugin
LogPluginManager: Loaded Plugin OnlineSubsystemGameCircle, From C:/Program Files (x86)/Epic Games/4.14/Engine/Plugins/Online/Android/OnlineSubsystemGameCircle/OnlineSubsystemGameCircle.uplugin
LogPluginManager: Loaded Plugin OnlineSubsystemGooglePlay, From C:/Program Files (x86)/Epic Games/4.14/Engine/Plugins/Online/Android/OnlineSubsystemGooglePlay/OnlineSubsystemGooglePlay.uplugin
LogPluginManager: Loaded Plugin OnlineSubsystemIOS, From C:/Program Files (x86)/Epic Games/4.14/Engine/Plugins/Online/IOS/OnlineSubsystemIOS/OnlineSubsystemIOS.uplugin
LogPluginManager: Loaded Plugin OnlineFramework, From C:/Program Files (x86)/Epic Games/4.14/Engine/Plugins/Online/OnlineFramework/OnlineFramework.uplugin
LogPluginManager: Loaded Plugin OnlineSubsystem, From C:/Program Files (x86)/Epic Games/4.14/Engine/Plugins/Online/OnlineSubsystem/OnlineSubsystem.uplugin
LogPluginManager: Loaded Plugin OnlineSubsystemAmazon, From C:/Program Files (x86)/Epic Games/4.14/Engine/Plugins/Online/OnlineSubsystemAmazon/OnlineSubsystemAmazon.uplugin
LogPluginManager: Loaded Plugin OnlineSubsystemFacebook, From C:/Program Files (x86)/Epic Games/4.14/Engine/Plugins/Online/OnlineSubsystemFacebook/OnlineSubsystemFacebook.uplugin
LogPluginManager: Loaded Plugin OnlineSubsystemNull, From C:/Program Files (x86)/Epic Games/4.14/Engine/Plugins/Online/OnlineSubsystemNull/OnlineSubsystemNull.uplugin
LogPluginManager: Loaded Plugin OnlineSubsystemOculus, From C:/Program Files (x86)/Epic Games/4.14/Engine/Plugins/Online/OnlineSubsystemOculus/OnlineSubsystemOculus.uplugin
LogPluginManager: Loaded Plugin OnlineSubsystemSteam, From C:/Program Files (x86)/Epic Games/4.14/Engine/Plugins/Online/OnlineSubsystemSteam/OnlineSubsystemSteam.uplugin
LogPluginManager: Loaded Plugin OnlineSubsystemUtils, From C:/Program Files (x86)/Epic Games/4.14/Engine/Plugins/Online/OnlineSubsystemUtils/OnlineSubsystemUtils.uplugin
LogPluginManager: Loaded Plugin IOSTapJoy, From C:/Program Files (x86)/Epic Games/4.14/Engine/Plugins/Runtime/Advertising/IOSTapJoy/IOSTapJoy.uplugin
LogPluginManager: Loaded Plugin AnalyticsBlueprintLibrary, From C:/Program Files (x86)/Epic Games/4.14/Engine/Plugins/Runtime/Analytics/AnalyticsBlueprintLibrary/AnalyticsBlueprintLibrary.uplugin
LogPluginManager: Loaded Plugin AnalyticsMulticast, From C:/Program Files (x86)/Epic Games/4.14/Engine/Plugins/Runtime/Analytics/AnalyticsMulticast/AnalyticsMulticast.uplugin
LogPluginManager: Loaded Plugin Apsalar, From C:/Program Files (x86)/Epic Games/4.14/Engine/Plugins/Runtime/Analytics/Apsalar/Apsalar.uplugin
LogPluginManager: Loaded Plugin FileLogging, From C:/Program Files (x86)/Epic Games/4.14/Engine/Plugins/Runtime/Analytics/FileLogging/FileLogging.uplugin
LogPluginManager: Loaded Plugin Flurry, From C:/Program Files (x86)/Epic Games/4.14/Engine/Plugins/Runtime/Analytics/Flurry/Flurry.uplugin
LogPluginManager: Loaded Plugin AndroidDeviceProfileSelector, From C:/Program Files (x86)/Epic Games/4.14/Engine/Plugins/Runtime/AndroidDeviceProfileSelector/AndroidDeviceProfileSelector.uplugin
LogPluginManager: Loaded Plugin AndroidMoviePlayer, From C:/Program Files (x86)/Epic Games/4.14/Engine/Plugins/Runtime/AndroidMoviePlayer/AndroidMoviePlayer.uplugin
LogPluginManager: Loaded Plugin AppleMoviePlayer, From C:/Program Files (x86)/Epic Games/4.14/Engine/Plugins/Runtime/AppleMoviePlayer/AppleMoviePlayer.uplugin
LogPluginManager: Loaded Plugin ArchVisCharacter, From C:/Program Files (x86)/Epic Games/4.14/Engine/Plugins/Runtime/ArchVisCharacter/ArchVisCharacter.uplugin
LogPluginManager: Loaded Plugin CableComponent, From C:/Program Files (x86)/Epic Games/4.14/Engine/Plugins/Runtime/CableComponent/CableComponent.uplugin
LogPluginManager: Loaded Plugin CustomMeshComponent, From C:/Program Files (x86)/Epic Games/4.14/Engine/Plugins/Runtime/CustomMeshComponent/CustomMeshComponent.uplugin
LogPluginManager: Loaded Plugin ExampleDeviceProfileSelector, From C:/Program Files (x86)/Epic Games/4.14/Engine/Plugins/Runtime/ExampleDeviceProfileSelector/ExampleDeviceProfileSelector.uplugin
LogPluginManager: Loaded Plugin GearVR, From C:/Program Files (x86)/Epic Games/4.14/Engine/Plugins/Runtime/GearVR/GearVR.uplugin
LogPluginManager: Loaded Plugin GoogleVRController, From C:/Program Files (x86)/Epic Games/4.14/Engine/Plugins/Runtime/GoogleVR/GoogleVRController/GoogleVRController.uplugin
LogPluginManager: Loaded Plugin GoogleVRHMD, From C:/Program Files (x86)/Epic Games/4.14/Engine/Plugins/Runtime/GoogleVR/GoogleVRHMD/GoogleVRHMD.uplugin
LogPluginManager: Loaded Plugin IOSDeviceProfileSelector, From C:/Program Files (x86)/Epic Games/4.14/Engine/Plugins/Runtime/IOSDeviceProfileSelector/IOSDeviceProfileSelector.uplugin
LogPluginManager: Loaded Plugin LeapMotion, From C:/Program Files (x86)/Epic Games/4.14/Engine/Plugins/Runtime/LeapMotion/LeapMotion.uplugin
LogPluginManager: Loaded Plugin LinuxDeviceProfileSelector, From C:/Program Files (x86)/Epic Games/4.14/Engine/Plugins/Runtime/LinuxDeviceProfileSelector/LinuxDeviceProfileSelector.uplugin
LogPluginManager: Loaded Plugin MIDIDevice, From C:/Program Files (x86)/Epic Games/4.14/Engine/Plugins/Runtime/MIDIDevice/MIDIDevice.uplugin
LogPluginManager: Loaded Plugin MobilePatchingUtils, From C:/Program Files (x86)/Epic Games/4.14/Engine/Plugins/Runtime/MobilePatchingUtils/MobilePatchingUtils.uplugin
LogPluginManager: Loaded Plugin Ansel, From C:/Program Files (x86)/Epic Games/4.14/Engine/Plugins/Runtime/Nvidia/Ansel/Ansel.uplugin
LogPluginManager: Loaded Plugin OculusAudio, From C:/Program Files (x86)/Epic Games/4.14/Engine/Plugins/Runtime/OculusAudio/OculusAudio.uplugin
LogPluginManager: Loaded Plugin OculusInput, From C:/Program Files (x86)/Epic Games/4.14/Engine/Plugins/Runtime/OculusInput/OculusInput.uplugin
LogPluginManager: Loaded Plugin OculusLibrary, From C:/Program Files (x86)/Epic Games/4.14/Engine/Plugins/Runtime/OculusLibrary/OculusLibrary.uplugin
LogPluginManager: Loaded Plugin OculusRift, From C:/Program Files (x86)/Epic Games/4.14/Engine/Plugins/Runtime/OculusRift/OculusRift.uplugin
LogPluginManager: Loaded Plugin Oodle, From C:/Program Files (x86)/Epic Games/4.14/Engine/Plugins/Runtime/PacketHandlers/CompressionComponents/Oodle/Oodle.uplugin
LogPluginManager: Loaded Plugin ProceduralMeshComponent, From C:/Program Files (x86)/Epic Games/4.14/Engine/Plugins/Runtime/ProceduralMeshComponent/ProceduralMeshComponent.uplugin
LogPluginManager: Loaded Plugin SoundMod, From C:/Program Files (x86)/Epic Games/4.14/Engine/Plugins/Runtime/SoundMod/SoundMod.uplugin
LogPluginManager: Loaded Plugin SoundVisualizations, From C:/Program Files (x86)/Epic Games/4.14/Engine/Plugins/Runtime/SoundVisualizations/SoundVisualizations.uplugin
LogPluginManager: Loaded Plugin SteamController, From C:/Program Files (x86)/Epic Games/4.14/Engine/Plugins/Runtime/Steam/SteamController/SteamController.uplugin
LogPluginManager: Loaded Plugin SteamVR, From C:/Program Files (x86)/Epic Games/4.14/Engine/Plugins/Runtime/Steam/SteamVR/SteamVR.uplugin
LogPluginManager: Loaded Plugin WebBrowserWidget, From C:/Program Files (x86)/Epic Games/4.14/Engine/Plugins/Runtime/WebBrowserWidget/WebBrowserWidget.uplugin
LogPluginManager: Loaded Plugin WindowsDeviceProfileSelector, From C:/Program Files (x86)/Epic Games/4.14/Engine/Plugins/Runtime/WindowsDeviceProfileSelector/WindowsDeviceProfileSelector.uplugin
LogPluginManager: Loaded Plugin WindowsMoviePlayer, From C:/Program Files (x86)/Epic Games/4.14/Engine/Plugins/Runtime/WindowsMoviePlayer/WindowsMoviePlayer.uplugin
LogPluginManager: Loaded Plugin ScriptPlugin, From C:/Program Files (x86)/Epic Games/4.14/Engine/Plugins/ScriptPlugin/ScriptPlugin.uplugin
LogPluginManager: Loaded Plugin SlateRemote, From C:/Program Files (x86)/Epic Games/4.14/Engine/Plugins/Slate/SlateRemote/SlateRemote.uplugin
LogPluginManager: Loaded Plugin EditorTests, From C:/Program Files (x86)/Epic Games/4.14/Engine/Plugins/Tests/EditorTests/EditorTests.uplugin
LogPluginManager: Loaded Plugin FbxAutomationTestBuilder, From C:/Program Files (x86)/Epic Games/4.14/Engine/Plugins/Tests/FbxAutomationTestBuilder/FbxAutomationTestBuilder.uplugin
LogPluginManager: Loaded Plugin FunctionalTestingEditor, From C:/Program Files (x86)/Epic Games/4.14/Engine/Plugins/Tests/FunctionalTestingEditor/FunctionalTestingEditor.uplugin
LogPluginManager: Loaded Plugin RuntimeTests, From C:/Program Files (x86)/Epic Games/4.14/Engine/Plugins/Tests/RuntimeTests/RuntimeTests.uplugin
LogPluginManager: Loaded Plugin ScreenshotTools, From C:/Program Files (x86)/Epic Games/4.14/Engine/Plugins/Tests/ScreenshotTools/ScreenshotTools.uplugin
LogInit: Using libcurl 7.47.1
LogInit:  - built for x86_64-pc-win32
LogInit:  - supports SSL with OpenSSL/1.0.2g
LogInit:  - supports HTTP deflate (compression) using libz 1.2.8
LogInit:  - other features:
LogInit:      CURL_VERSION_SSL
LogInit:      CURL_VERSION_LIBZ
LogInit:      CURL_VERSION_IPV6
LogInit:      CURL_VERSION_ASYNCHDNS
LogInit:      CURL_VERSION_LARGEFILE
LogInit:      CURL_VERSION_IDN
LogInit:  CurlRequestOptions (configurable via config and command line):
LogInit:  - bVerifyPeer = false  - Libcurl will NOT verify peer certificate
LogInit:  - bUseHttpProxy = false  - Libcurl will NOT use HTTP proxy
LogInit:  - bDontReuseConnections = false  - Libcurl will reuse connections
LogInit:  - CertBundlePath = nullptr  - Libcurl will use whatever was configured at build time.
LogInit: Build: ++UE4+Release-4.14-CL-3249277
LogInit: Engine Version: 4.14.3-3249277+++UE4+Release-4.14
LogInit: Compatible Engine Version: 4.14.0-3195953+++UE4+Release-4.14
LogInit: Net CL: 3195953
LogDevObjectVersion: Number of dev versions registered: 13
LogDevObjectVersion:   Dev-Blueprints (B0D832E4-1F89-4F0D-ACCF-7EB736FD4AA2): 7
LogDevObjectVersion:   Dev-Build (E1C64328-A22C-4D53-A36C-8E866417BD8C): 0
LogDevObjectVersion:   Dev-Core (375EC13C-06E4-48FB-B500-84F0262A717E): 1
LogDevObjectVersion:   Dev-Editor (E4B068ED-F494-42E9-A231-DA0B2E46BB41): 8
LogDevObjectVersion:   Dev-Framework (CFFC743F-43B0-4480-9391-14DF171D2073): 17
LogDevObjectVersion:   Dev-Mobile (B02B49B5-BB20-44E9-A304-32B752E40360): 0
LogDevObjectVersion:   Dev-Networking (A4E4105C-59A1-49B5-A7C5-40C4547EDFEE): 0
LogDevObjectVersion:   Dev-Online (39C831C9-5AE6-47DC-9A44-9C173E1C8E7C): 0
LogDevObjectVersion:   Dev-Physics (78F01B33-EBEA-4F98-B9B4-84EACCB95AA2): 0
LogDevObjectVersion:   Dev-Platform (6631380F-2D4D-43E0-8009-CF276956A95A): 0
LogDevObjectVersion:   Dev-Rendering (12F88B9F-8875-4AFC-A67C-D90C383ABD29): 12
LogDevObjectVersion:   Dev-Sequencer (7B5AE74C-D270-4C10-A958-57980B212A5A): 1
LogDevObjectVersion:   Dev-VR (D7296918-1DD6-4BDD-9DE2-64A83CC13884): 0
LogInit: Compiled (64-bit): Jan  6 2017 10:49:43
LogInit: Compiled with Visual C++: 19.00.23026.00
LogInit: Build Configuration: Development
LogInit: Branch Name: ++UE4+Release-4.14
LogInit: Command line:  
LogInit: Base directory: C:/Program Files (x86)/Epic Games/4.14/Engine/Binaries/Win64/
LogInit: Installed Engine Build: 1
LogInit: Presizing for max 8388607 objects, including 0 objects not considered by GC, pre-allocating 0 bytes for permanent pool.
LogInit: Object subsystem initialized
[2017.02.13-19.34.55:009][  0]LogInit: Selected Device Profile: [Windows]
[2017.02.13-19.34.55:009][  0]LogInit: Applying CVar settings loaded from the selected device profile: [Windows]
[2017.02.13-19.34.55:075][  0]LogInit: Computer: HOMERIG
[2017.02.13-19.34.55:075][  0]LogInit: User: CyberMacTíre
[2017.02.13-19.34.55:075][  0]LogInit: CPU Page size=65536, Cores=4
[2017.02.13-19.34.55:075][  0]LogInit: High frequency timer resolution =14.318180 MHz
[2017.02.13-19.34.55:075][  0]LogMemory: Memory total: Physical=15.9GB (16GB approx)
[2017.02.13-19.34.55:075][  0]LogMemory: Platform Memory Stats for Windows
[2017.02.13-19.34.55:075][  0]LogMemory: Process Physical Memory: 264.39 MB used, 264.39 MB peak
[2017.02.13-19.34.55:075][  0]LogMemory: Process Virtual Memory: 262.67 MB used, 262.67 MB peak
[2017.02.13-19.34.55:075][  0]LogMemory: Physical Memory: 4314.48 MB used,  11969.02 MB free, 16283.49 MB total
[2017.02.13-19.34.55:075][  0]LogMemory: Virtual Memory: 676.42 MB used,  11969.02 MB free, 134217728.00 MB total
[2017.02.13-19.34.55:683][  0]LogTextLocalizationManager: No specific translations for ('en-IE') exist, so ('en') translations will be used.
[2017.02.13-19.35.00:763][  0]LogD3D11RHI: D3D11 adapters:
[2017.02.13-19.35.00:803][  0]LogD3D11RHI:    0. 'AMD Radeon R9 200 Series' (Feature Level 11_0)
[2017.02.13-19.35.00:803][  0]LogD3D11RHI:       2029/0/8141 MB DedicatedVideo/DedicatedSystem/SharedSystem, Outputs:1, VendorId:0x1002
[2017.02.13-19.35.00:805][  0]LogD3D11RHI:    1. 'Microsoft Basic Render Driver' (Feature Level 11_0)
[2017.02.13-19.35.00:805][  0]LogD3D11RHI:       0/0/8141 MB DedicatedVideo/DedicatedSystem/SharedSystem, Outputs:0, VendorId:0x1414
[2017.02.13-19.35.00:805][  0]LogD3D11RHI: Chosen D3D11 Adapter: 0
[2017.02.13-19.35.00:812][  0]LogD3D11RHI: Creating new Direct3DDevice
[2017.02.13-19.35.00:812][  0]LogD3D11RHI:     GPU DeviceId: 0x6810 (for the marketing name, search the web for "GPU Device Id")
[2017.02.13-19.35.00:812][  0]LogWindows: EnumDisplayDevices:
[2017.02.13-19.35.00:812][  0]LogWindows:    0. 'AMD Radeon R9 200 Series' (P:1 D:1)
[2017.02.13-19.35.00:812][  0]LogWindows:    1. 'AMD Radeon R9 200 Series' (P:0 D:0)
[2017.02.13-19.35.00:813][  0]LogWindows:    2. 'AMD Radeon R9 200 Series' (P:0 D:0)
[2017.02.13-19.35.00:813][  0]LogWindows:    3. 'AMD Radeon R9 200 Series' (P:0 D:0)
[2017.02.13-19.35.00:814][  0]LogWindows:    4. 'AMD Radeon R9 200 Series' (P:0 D:0)
[2017.02.13-19.35.00:814][  0]LogWindows:    5. 'AMD Radeon R9 200 Series' (P:0 D:0)
[2017.02.13-19.35.00:814][  0]LogWindows: DebugString: FoundDriverCount:6 
[2017.02.13-19.35.00:814][  0]LogD3D11RHI:     Adapter Name: AMD Radeon R9 200 Series
[2017.02.13-19.35.00:814][  0]LogD3D11RHI:   Driver Version: Crimson ReLive 17.1.2 (internal:21.19.413.0, unified:21.19.413.0)
[2017.02.13-19.35.00:814][  0]LogD3D11RHI:      Driver Date: 1-25-2017
[2017.02.13-19.35.00:815][  0]LogRHI: Texture pool is 1361 MB (70% of 1945 MB)
[2017.02.13-19.35.00:827][  0]LogD3D11RHI: Async texture creation enabled
[2017.02.13-19.35.00:858][  0]LogD3D11RHI: GPU Timing Frequency: 27.000000 (Debug: 2 1)
[2017.02.13-19.35.00:868][  0]LogShaderCompilers: Guid format shader working directory is -18 characters bigger than the processId version (../../../../../../Users/cyber_000.LR-HOME/Desktop/GameProject/FearOfMyDreams/Intermediate/Shaders/WorkingDirectory/9292/).
[2017.02.13-19.35.00:868][  0]LogShaderCompilers: Cleaned the shader compiler working directory 'C:/Users/cyber_000.LR-HOME/AppData/Local/Temp/UnrealShaderWorkingDir/3E99405645C99CC5007548BCF9AB257F/'.
[2017.02.13-19.35.00:868][  0]LogShaderCompilers:Display: Using Local Shader Compiler.
[2017.02.13-19.35.08:427][  0]LogTemp:Display: Loaded TP AllDesktopTargetPlatform
[2017.02.13-19.35.08:538][  0]LogTemp:Display: Loaded TP MacClientTargetPlatform
[2017.02.13-19.35.08:648][  0]LogTemp:Display: Loaded TP MacNoEditorTargetPlatform
[2017.02.13-19.35.08:761][  0]LogTemp:Display: Loaded TP MacServerTargetPlatform
[2017.02.13-19.35.08:881][  0]LogTemp:Display: Loaded TP MacTargetPlatform
[2017.02.13-19.35.08:986][  0]LogTemp:Display: Loaded TP WindowsClientTargetPlatform
[2017.02.13-19.35.09:090][  0]LogTemp:Display: Loaded TP WindowsNoEditorTargetPlatform
[2017.02.13-19.35.09:195][  0]LogTemp:Display: Loaded TP WindowsServerTargetPlatform
[2017.02.13-19.35.09:288][  0]LogTemp:Display: Loaded TP WindowsTargetPlatform
[2017.02.13-19.35.09:426][  0]LogTemp:Display: Loaded TP AndroidTargetPlatform
[2017.02.13-19.35.09:528][  0]LogTemp:Display: Loaded TP Android_ASTCTargetPlatform
[2017.02.13-19.35.09:654][  0]LogTemp:Display: Loaded TP Android_ATCTargetPlatform
[2017.02.13-19.35.09:774][  0]LogTemp:Display: Loaded TP Android_DXTTargetPlatform
[2017.02.13-19.35.09:881][  0]LogTemp:Display: Loaded TP Android_ETC1TargetPlatform
[2017.02.13-19.35.09:992][  0]LogTemp:Display: Loaded TP Android_ETC2TargetPlatform
[2017.02.13-19.35.10:211][  0]LogTemp:Display: Loaded TP Android_MultiTargetPlatform
[2017.02.13-19.35.10:211][  0]LogTemp:Display: Loaded TP Android_PVRTCTargetPlatform
[2017.02.13-19.35.10:295][  0]LogTemp:Display: Loaded TP HTML5TargetPlatform
[2017.02.13-19.35.10:568][  0]LogTemp:Display: Loaded TP IOSTargetPlatform
[2017.02.13-19.35.10:641][  0]LogTemp:Display: Loaded TP TVOSTargetPlatform
[2017.02.13-19.35.10:755][  0]LogTemp:Display: Loaded TP LinuxClientTargetPlatform
[2017.02.13-19.35.10:866][  0]LogTemp:Display: Loaded TP LinuxNoEditorTargetPlatform
[2017.02.13-19.35.10:971][  0]LogTemp:Display: Loaded TP LinuxServerTargetPlatform
[2017.02.13-19.35.11:087][  0]LogTemp:Display: Loaded TP LinuxTargetPlatform
[2017.02.13-19.35.11:087][  0]LogTargetPlatformManager:Display: Building Assets For Windows
[2017.02.13-19.35.12:622][  0]LogDerivedDataCache:Display: Max Cache Size: 512 MB
[2017.02.13-19.35.12:941][  0]LogDerivedDataCache: Loaded boot cache 0.32s 50MB C:/Users/cyber_000.LR-HOME/AppData/Local/UnrealEngine/4.14/DerivedDataCache/Boot.ddc.
[2017.02.13-19.35.12:941][  0]LogDerivedDataCache:Display: Loaded Boot cache: C:/Users/cyber_000.LR-HOME/AppData/Local/UnrealEngine/4.14/DerivedDataCache/Boot.ddc
[2017.02.13-19.35.12:941][  0]LogDerivedDataCache: FDerivedDataBackendGraph:  Pak pak cache file ../../../../../../Users/cyber_000.LR-HOME/Desktop/GameProject/FearOfMyDreams/DerivedDataCache/DDC.ddp not found, will not use a pak cache.
[2017.02.13-19.35.12:941][  0]LogDerivedDataCache: Unable to find inner node Pak for hierarchical cache Hierarchy.
[2017.02.13-19.35.12:941][  0]LogDerivedDataCache: FDerivedDataBackendGraph:  CompressedPak pak cache file ../../../../../../Users/cyber_000.LR-HOME/Desktop/GameProject/FearOfMyDreams/DerivedDataCache/Compressed.ddp not found, will not use a pak cache.
[2017.02.13-19.35.12:941][  0]LogDerivedDataCache: Unable to find inner node CompressedPak for hierarchical cache Hierarchy.
[2017.02.13-19.35.13:013][  0]LogDerivedDataCache:Display: Pak cache opened for reading ../../../Engine/DerivedDataCache/Compressed.ddp.
[2017.02.13-19.35.13:026][  0]LogDerivedDataCache: Using Local data cache path C:/Users/cyber_000.LR-HOME/AppData/Local/UnrealEngine/Common/DerivedDataCache: Writable
[2017.02.13-19.35.19:961][  0]LogInit: Selected Device Profile: [Windows]
[2017.02.13-19.35.20:057][  0]LogContentStreaming: Texture pool size is 0.00 MB
[2017.02.13-19.35.22:074][  0]LogMeshUtilities: Using QuadricMeshReduction for automatic static mesh reduction
[2017.02.13-19.35.22:629][  0]LogSimplygon: Simplygon DLL not present - disabling.
[2017.02.13-19.35.23:281][  0]LogMeshUtilities: Using SimplygonSwarm for distributed automatic mesh merging
[2017.02.13-19.35.23:281][  0]LogMeshUtilities: No automatic skeletal mesh reduction module available
[2017.02.13-19.35.23:281][  0]LogMeshUtilities: No automatic mesh merging module available
[2017.02.13-19.35.28:243][  0]LogNetVersion: GetLocalNetworkVersion: CL: 3195953, ProjectName: fearofmydreams, ProjectVersion: , EngineNetworkVersion: 2, GameNetworkVersion: 0, NetworkChecksum: 1579591223
[2017.02.13-19.35.28:391][  0]LogAssetRegistry: FAssetRegistry took 0.0228 seconds to start up
[2017.02.13-19.35.28:529][  0]LogPackageLocalizationCache: Processed 3 localized package path(s) for 2 prioritized culture(s) in 0.062754 seconds
[2017.02.13-19.35.28:539][  0]LogUObjectArray: 31946 objects as part of root set at end of initial load.
[2017.02.13-19.35.28:539][  0]LogUObjectAllocator: 6935840 out of 0 bytes used by permanent object pool.
[2017.02.13-19.35.28:539][  0]LogUObjectArray: CloseDisregardForGC: 0/0 objects in disregard for GC pool
[2017.02.13-19.35.28:777][  0]LogInit: WinSock: version 1.1 (2.2), MaxSocks=32767, MaxUdp=65467
[2017.02.13-19.35.33:920][  0]LogSlate: Using Freetype 2.6.0
[2017.02.13-19.35.33:943][  0]LogSlate: SlateFontCache - WITH_FREETYPE: 1, WITH_HARFBUZZ: 1
[2017.02.13-19.35.33:943][  0]LogSlate: SlateFontCache - WITH_FREETYPE: 1, WITH_HARFBUZZ: 1
[2017.02.13-19.35.44:788][  0]LogTcpMessaging: Initializing TcpMessaging bridge
[2017.02.13-19.35.44:873][  0]LogUdpMessaging: Initializing bridge on interface 0.0.0.0:0 to multicast group 230.0.0.1:6666.
[2017.02.13-19.35.46:345][  0]LogMaterial: Uniform references updated for custom material expression Custom.
[2017.02.13-19.35.47:993][  0]SourceControl: Info Source control is disabled
[2017.02.13-19.35.47:994][  0]SourceControl: Info Source control is disabled
[2017.02.13-19.35.48:153][  0]SourceControl: Info Source control is disabled
[2017.02.13-19.35.48:285][  0]SourceControl: Info Source control is disabled
[2017.02.13-19.35.52:066][  0]LogEngine: Initializing Engine...
[2017.02.13-19.35.52:068][  0]LogHMD: Failed to initialize OpenVR with code 110
[2017.02.13-19.35.53:020][  0]LogAIModule: Creating AISystem for world Untitled
[2017.02.13-19.35.53:045][  0]LogInit: XAudio2 using 'Speakers (2- Corsair Gaming H1500 Headset)' : 8 channels at 48 kHz using 16 bits per sample (channel mask 0x63f)
[2017.02.13-19.35.53:079][  0]LogInit: FAudioDevice initialized.
[2017.02.13-19.35.53:134][  0]LogDerivedDataCache: Saved boot cache 0.05s 50MB C:/Users/cyber_000.LR-HOME/AppData/Local/UnrealEngine/4.14/DerivedDataCache/Boot.ddc.
[2017.02.13-19.35.53:165][  0]LogInit: Texture streaming: Enabled
[2017.02.13-19.35.53:734][  0]LogInit: Transaction tracking system initialized
[2017.02.13-19.35.55:625][  0]BlueprintLog: New page: Editor Load
[2017.02.13-19.35.58:357][  0]LocalizationService: Info Localization service is disabled
[2017.02.13-19.36.00:323][  0]LogConsoleResponse:Display: 
[2017.02.13-19.36.03:236][  0]LogCook:Display: Max memory allowance for cook 16384mb min free memory 0mb
[2017.02.13-19.36.03:236][  0]LogCook:Display: Mobile HDR setting 1
[2017.02.13-19.36.03:848][  0]LogFileCache: Scanning file cache for directory 'C:/Users/cyber_000.LR-HOME/Desktop/GameProject/FearOfMyDreams/Content/' took 0.02s
[2017.02.13-19.36.08:718][  0]SourceControl: Info Source control is disabled
[2017.02.13-19.36.08:718][  0]Cmd: MAP LOAD FILE="../../../Engine/Content/Maps/Templates/Template_Default.umap" TEMPLATE=1 SHOWPROGRESS=1 FEATURELEVEL=3
[2017.02.13-19.36.08:739][  0]LightingResults: New page: Lighting Build
[2017.02.13-19.36.08:831][  0]MapCheck: New page: Map Check
[2017.02.13-19.36.08:831][  0]LightingResults: New page: Lighting Build
[2017.02.13-19.36.09:901][  0]LogAIModule: Creating AISystem for world Untitled_1
[2017.02.13-19.36.09:903][  0]LogActorComponent: RegisterComponentWithWorld: (/Temp/Untitled_1.Untitled_1:PersistentLevel.WorldSettings_1.StaticMeshComponent0) Trying to register component with IsPendingKill() == true. Aborting.
[2017.02.13-19.36.10:232][  0]LogEditorServer: Finished looking for orphan Actors (0.000 secs)
[2017.02.13-19.36.10:287][  0]Cmd: MAP CHECKDEP NOCLEARLOG
[2017.02.13-19.36.10:364][  0]MapCheck: Info Map check complete: 0 Error(s), 0 Warning(s), took 76.589ms to complete.
[2017.02.13-19.36.10:364][  0]LogFileHelpers: Loading map 'Template_Default' took 1.646
[2017.02.13-19.36.10:707][  0]LogCollectionManager: Loaded 0 collections in 0.006198 seconds
[2017.02.13-19.36.10:996][  0]LogFileCache: Scanning file cache for directory 'C:/Users/cyber_000.LR-HOME/Desktop/GameProject/FearOfMyDreams/Saved/Collections/' took 0.01s
[2017.02.13-19.36.10:996][  0]LogFileCache: Scanning file cache for directory 'C:/Users/cyber_000.LR-HOME/Desktop/GameProject/FearOfMyDreams/Content/Developers/CyberMacTíre/Collections/' took 0.01s
[2017.02.13-19.36.10:996][  0]LogFileCache: Scanning file cache for directory 'C:/Users/cyber_000.LR-HOME/Desktop/GameProject/FearOfMyDreams/Content/Collections/' took 0.01s
[2017.02.13-19.36.10:996][  0]LogCollectionManager: Rebuilt the GUID cache for 0 collections in 0.000004 seconds
[2017.02.13-19.36.11:018][  0]LogContentBrowser: Native class hierarchy populated in 0.0211 seconds. Added 2190 classes and 428 folders.
[2017.02.13-19.36.11:245][  0]LogStats: UGameplayTagsManager::ConstructGameplayTagTree: Construct from data asset -  0.000 s
[2017.02.13-19.36.11:245][  0]LogStats: UGameplayTagsManager::ConstructGameplayTagTree: GameplayTagTreeChangedEvent.Broadcast -  0.000 s
[2017.02.13-19.36.11:246][  0]LogContentBrowser: Native class hierarchy updated for 'GameplayTags' in 0.0009 seconds. Added 13 classes and 0 folders.
[2017.02.13-19.36.11:393][  0]LogContentBrowser: Native class hierarchy updated for 'WidgetCarousel' in 0.0007 seconds. Added 0 classes and 0 folders.
[2017.02.13-19.36.12:394][  0]LogContentBrowser: Native class hierarchy updated for 'AddContentDialog' in 0.0012 seconds. Added 0 classes and 0 folders.
[2017.02.13-19.36.12:509][  0]LogContentBrowser: Native class hierarchy updated for 'SceneOutliner' in 0.0007 seconds. Added 1 classes and 2 folders.
[2017.02.13-19.36.12:678][  0]LogCrashTracker: Crashtracker disabled due to settings.
[2017.02.13-19.36.12:708][  0]LogUObjectGlobals:Warning: Failed to find object 'Class None.'
[2017.02.13-19.36.12:881][  0]LogContentBrowser: Native class hierarchy updated for 'HierarchicalLODOutliner' in 0.0013 seconds. Added 1 classes and 2 folders.
[2017.02.13-19.36.12:881][  0]LogLoad: (Engine Initialization) Total time: 84.74 seconds
[2017.02.13-19.36.12:881][  0]LogLoad: (Engine Initialization) Total Blueprint compile time: 0.52 seconds
[2017.02.13-19.36.12:881][  0]LogExternalProfiler: Found external profiler: VSPerf
[2017.02.13-19.36.12:881][  0]LogExternalProfiler: Using external profiler: VSPerf
[2017.02.13-19.36.13:221][  0]LogOcInput: OculusInput pre-init called
[2017.02.13-19.36.13:246][  0]LogContentStreaming: Texture pool size now 1000 MB
[2017.02.13-19.36.13:904][  0]LogRenderer: Reallocating scene render targets to support 1132x648 NumSamples 1 (Frame:2).
[2017.02.13-19.36.14:689][  2]LogAssetRegistry: Asset discovery search completed in 46.3209 seconds
[2017.02.13-19.36.14:689][  2]LogCollectionManager: Rebuilt the object cache for 0 collections in 0.000001 seconds (found 0 objects)
[2017.02.13-19.36.14:689][  2]LogCollectionManager: Fixed up redirectors for 0 collections in 0.000037 seconds (updated 0 objects)
[2017.02.13-19.37.17:077][375]LogAIModule: Creating AISystem for world MainStreet
[2017.02.13-19.37.17:108][375]Cmd: MAP LOAD FILE="../../../../../../Users/cyber_000.LR-HOME/Desktop/GameProject/FearOfMyDreams/Content/Maps/MainStreet.umap" TEMPLATE=0 SHOWPROGRESS=1 FEATURELEVEL=3
[2017.02.13-19.37.17:108][375]LightingResults: New page: Lighting Build
[2017.02.13-19.37.17:109][375]LoadErrors: New page: Loading map: MainStreet.umap
[2017.02.13-19.37.17:110][375]MapCheck: New page: Map Check
[2017.02.13-19.37.17:110][375]LightingResults: New page: Lighting Build
[2017.02.13-19.37.17:185][375]LogEditorServer: Finished looking for orphan Actors (0.000 secs)
[2017.02.13-19.37.17:220][375]Cmd: MAP CHECKDEP NOCLEARLOG
[2017.02.13-19.37.17:424][375]MapCheck: Info Map check complete: 0 Error(s), 0 Warning(s), took 203.445ms to complete.
[2017.02.13-19.37.17:425][375]LogFileHelpers: Loading map 'MainStreet' took 0.318
[2017.02.13-19.37.42:000][765]Cmd: OBJ SAVEPACKAGE PACKAGE="/Game/Maps/TestMap" FILE="../../../../../../Users/cyber_000.LR-HOME/Desktop/GameProject/FearOfMyDreams/Content/Maps/TestMap.umap" SILENT=true AUTOSAVING=false KEEPDIRTY=false
[2017.02.13-19.37.42:051][765]LogSavePackage: Save=25.49ms
[2017.02.13-19.37.42:051][765]LogSavePackage: Moving '../../../../../../Users/cyber_000.LR-HOME/Desktop/GameProject/FearOfMyDreams/Saved/TestMap1A21C6334E35406688F6A8BDEA6AADFF.tmp' to '../../../../../../Users/cyber_000.LR-HOME/Desktop/GameProject/FearOfMyDreams/Content/Maps/TestMap.umap'
[2017.02.13-19.37.42:064][765]LogSavePackage:Display: Finished SavePackage ../../../../../../Users/cyber_000.LR-HOME/Desktop/GameProject/FearOfMyDreams/Content/Maps/TestMap.umap
[2017.02.13-19.37.42:064][765]LogFileHelpers: Saving map 'TestMap' took 0.261
[2017.02.13-19.37.42:076][765]Cmd: MAP LOAD FILE="../../../../../../Users/cyber_000.LR-HOME/Desktop/GameProject/FearOfMyDreams/Content/Maps/TestMap.umap" TEMPLATE=0 SHOWPROGRESS=1 FEATURELEVEL=3
[2017.02.13-19.37.42:076][765]LightingResults: New page: Lighting Build
[2017.02.13-19.37.42:077][765]LoadErrors: New page: Loading map: TestMap.umap
[2017.02.13-19.37.42:078][765]MapCheck: New page: Map Check
[2017.02.13-19.37.42:078][765]LightingResults: New page: Lighting Build
[2017.02.13-19.37.42:157][765]LogEditorServer: Finished looking for orphan Actors (0.000 secs)
[2017.02.13-19.37.42:158][765]LogAIModule: Creating AISystem for world TestMap
[2017.02.13-19.37.42:195][765]Cmd: MAP CHECKDEP NOCLEARLOG
[2017.02.13-19.37.42:394][765]MapCheck: Info Map check complete: 0 Error(s), 0 Warning(s), took 198.663ms to complete.
[2017.02.13-19.37.42:395][765]LogFileHelpers: Loading map 'TestMap' took 0.320
[2017.02.13-19.37.58:627][617]Cmd: BRUSH ADD SELECTNEWBRUSH
[2017.02.13-19.39.45:975][260]LogEditorViewport: Clicking on Actor (LMB): PointLight (PointLight)
[2017.02.13-19.41.00:826][193]LogFactory: FactoryCreateFile: StaticMesh with FbxFactory (0 0 ../../../../../../Users/cyber_000.LR-HOME/Desktop/Game Objects/Table/Table.fbx)
[2017.02.13-19.41.00:846][193]LogFbx: ItemName: GlobalSettings, ItemCount : 1
[2017.02.13-19.41.00:846][193]LogFbx: ItemName: Geometry, ItemCount : 5
[2017.02.13-19.41.00:846][193]LogFbx: ItemName: Model, ItemCount : 5
[2017.02.13-19.41.00:846][193]LogFbx: ItemName: Material, ItemCount : 1
[2017.02.13-19.41.00:855][193]LogFbx: Loading FBX Scene from ../../../../../../Users/cyber_000.LR-HOME/Desktop/Game Objects/Table/Table.fbx
[2017.02.13-19.41.00:869][193]LogFbx: FBX Scene Loaded Succesfully
[2017.02.13-19.41.03:566][193]LogFbx: Loading FBX Scene from ../../../../../../Users/cyber_000.LR-HOME/Desktop/Game Objects/Table/Table.fbx
[2017.02.13-19.41.03:580][193]LogFbx: FBX Scene Loaded Succesfully
[2017.02.13-19.41.03:585][193]LogLinker: Can't find file '/Game/Objects/TableLegText'
[2017.02.13-19.41.03:586][193]LogLinker: Can't find file '/Game/Objects/TableLegText'
[2017.02.13-19.41.03:599][193]LogMaterial: Missing cached shader map for material TableLegText, compiling. 
[2017.02.13-19.41.03:657][193]LogFbx:Warning: Triangulating static mesh Cube
[2017.02.13-19.41.03:741][193]LogFbx:Warning: Triangulating static mesh Leg.003
[2017.02.13-19.41.03:752][193]LogFbx:Warning: Triangulating static mesh Leg.002
[2017.02.13-19.41.03:763][193]LogFbx:Warning: Triangulating static mesh Leg.001
[2017.02.13-19.41.03:773][193]LogFbx:Warning: Triangulating static mesh Leg
[2017.02.13-19.41.03:785][193]LogStaticMesh: Building static mesh Table...
[2017.02.13-19.41.03:792][193]LogStaticMesh: Built static mesh [0.01s] /Game/Objects/Table.Table
[2017.02.13-19.41.03:848][193]LogStaticMesh:Warning: Table has degenerate tangent bases which will result in incorrect shading.  MikkTSpace relies on tangent bases and may result in mesh corruption, consider disabling this option.
[2017.02.13-19.41.03:878][193]FBXImport:Warning: Warning No smoothing group information was found in this FBX scene.  Please make sure to enable the 'Export Smoothing Groups' option in the FBX Exporter plug-in before exporting the file.  Even for tools that don't support smoothing groups, the FBX Exporter will generate appropriate smoothing data at export-time so that correct vertex normals can be inferred while importing. 
[2017.02.13-19.41.03:878][193]FBXImport:Warning: Warning Table has degenerate tangent bases which will result in incorrect shading.  MikkTSpace relies on tangent bases and may result in mesh corruption, consider disabling this option. 
[2017.02.13-19.41.31:180][273]LogActorFactory: Actor Factory created Table
[2017.02.13-19.41.32:117][334]LogActorFactory: Actor Factory created Table
[2017.02.13-19.41.54:323][452]LogTemp: Repeting last play command: Selected Viewport
[2017.02.13-19.41.54:347][452]LogPlayLevel: PlayLevel: No blueprints needed recompiling
[2017.02.13-19.41.54:354][452]PIE: New page: PIE session: TestMap (13 Feb 2017 19:41:54)
[2017.02.13-19.41.54:355][452]LogPlayLevel: Creating play world package: /Game/Maps/UEDPIE_0_TestMap
[2017.02.13-19.41.54:382][452]LogPlayLevel: PIE: StaticDuplicateObject took: (0.027540s)
[2017.02.13-19.41.54:383][452]LogAIModule: Creating AISystem for world TestMap
[2017.02.13-19.41.54:384][452]LogPlayLevel: PIE: World Init took: (0.000965s)
[2017.02.13-19.41.54:384][452]LogPlayLevel: PIE: Created PIE world by copying editor world from /Game/Maps/TestMap.TestMap to /Game/Maps/UEDPIE_0_TestMap.TestMap (0.028823s)
[2017.02.13-19.41.54:505][452]LogInit: XAudio2 using 'Speakers (2- Corsair Gaming H1500 Headset)' : 8 channels at 48 kHz using 16 bits per sample (channel mask 0x63f)
[2017.02.13-19.41.54:569][452]LogInit: FAudioDevice initialized.
[2017.02.13-19.41.54:709][452]LogLoad: Game class is 'GameModeBase'
[2017.02.13-19.41.54:726][452]LogWorld: Bringing World /Game/Maps/UEDPIE_0_TestMap.TestMap up for play (max tick rate 0) at 2017.02.13-19.41.54
[2017.02.13-19.41.54:726][452]LogWorld: Bringing up level for play took: 0.001374
[2017.02.13-19.41.55:149][452]LogContentBrowser: Native class hierarchy updated for 'MovieSceneCapture' in 0.0019 seconds. Added 11 classes and 0 folders.
[2017.02.13-19.41.55:153][452]PIE: Info Play in editor start time for /Game/Maps/UEDPIE_0_TestMap 1.548
[2017.02.13-19.42.02:359][164]MapCheck: New page: Map Check
[2017.02.13-19.42.02:385][164]Cmd: MAP REBUILD ALLVISIBLE
[2017.02.13-19.42.02:385][164]LogEditorServer: Rebuildmap Clear paths rebuilt
[2017.02.13-19.42.03:033][164]LightingResults: New page: Lighting Build - 13 Feb 2017 19:42:03
[2017.02.13-19.42.03:273][164]LogSwarmInterface: [OpenConnection] Registering TCP channel ...
[2017.02.13-19.42.03:668][164]LogSwarmInterface: [OpenConnection] Connecting to agent ...
[2017.02.13-19.42.03:771][164]LogSwarmInterface: [TryOpenConnection] Testing the Agent
[2017.02.13-19.42.06:333][164]LogSwarmInterface:Error: [TryOpenConnection] Waiting for the agent to start up ...
[2017.02.13-19.42.06:517][164]LogSwarmInterface:Error: System.Net.Sockets.SocketException (0x80004005): No connection could be made because the target machine actively refused it 127.0.0.1:8008

Server stack trace: 
   at System.Net.Sockets.Socket.DoConnect(EndPoint endPointSnapshot, SocketAddress socketAddress)
   at System.Net.Sockets.Socket.Connect(EndPoint remoteEP)
   at System.Runtime.Remoting.Channels.RemoteConnection.CreateNewSocket(EndPoint ipEndPoint)
   at System.Runtime.Remoting.Channels.SocketCache.GetSocket(String machinePortAndSid, Boolean openNew)
   at System.Runtime.Remoting.Channels.Tcp.TcpClientTransportSink.SendRequestWithRetry(IMessage msg, ITransportHeaders requestHeaders, Stream requestStream)
   at System.Runtime.Remoting.Channels.Tcp.TcpClientTransportSink.AsyncProcessRequest(IClientChannelSinkStack sinkStack, IMessage msg, ITransportHeaders headers, Stream stream)
   at System.Runtime.Remoting.Channels.BinaryClientFormatterSink.AsyncProcessMessage(IMessage msg, IMessageSink replySink)

Exception rethrown at [0]: 
   at System.Runtime.Remoting.Proxies.RealProxy.HandleReturnMessage(IMessage reqMsg, IMessage retMsg)
   at System.Runtime.Remoting.Proxies.RealProxy.PrivateInvoke(MessageData& msgData, Int32 type)
   at NSwarm.IAgentInterfaceWrapper.MethodDelegate.EndInvoke(Hashtable& OutParameters, IAsyncResult result)
   at NSwarm.FSwarmInterface.TryOpenConnection(FConnectionCallback CallbackFunc, IntPtr CallbackData, ELogFlags LoggingFlags)
[2017.02.13-19.42.11:949][164]LogSwarmInterface: [TryOpenConnection] Opening Connection to Agent
[2017.02.13-19.42.11:949][164]LogSwarmInterface: [TryOpenConnection] Local Process ID is 9292
[2017.02.13-19.42.17:808][164]LogStaticLightingSystem:Warning: No importance volume found, so the scene bounding box was used.  You can optimize your scene's quality and lighting build times by adding importance volumes.
[2017.02.13-19.42.17:808][164]LogStaticLightingSystem: Running Lightmass w/ ImmediateImport mode ENABLED
[2017.02.13-19.42.17:808][164]LogStaticLightingSystem: Running Lightmass w/ ImmediateProcess mode ENABLED
[2017.02.13-19.42.17:808][164]LogStaticLightingSystem: Running Lightmass w/ Sorting mode ENABLED
[2017.02.13-19.42.17:808][164]LogStaticLightingSystem: Running Lightmass w/ Mapping paddings ENABLED
[2017.02.13-19.42.17:808][164]LogStaticLightingSystem: Running Lightmass w/ Mapping debug paddings DISABLED
[2017.02.13-19.42.19:102][164]Cmd: MAP CHECK DONTDISPLAYDIALOG
[2017.02.13-19.42.19:102][164]MapCheck: New page: TestMap - 13 Feb 2017 19:42:19
[2017.02.13-19.42.19:104][164]MapCheck:Error: Error WorldSettings Maps need lighting rebuilt 
[2017.02.13-19.42.19:415][164]MapCheck: Info Map check complete: 1 Error(s), 0 Warning(s), took 313.736ms to complete.
[2017.02.13-19.42.19:475][164]LogEditorBuildUtils: Build time 0:17
[2017.02.13-19.42.19:594][164]LogMaterial: Missing cached shader map for material FLightmassMaterialRenderer TableLegText, compiling. 
[2017.02.13-19.42.19:607][164]LogMaterial: Missing cached shader map for material FLightmassMaterialRenderer TableLegText, compiling. 
[2017.02.13-19.42.39:965][201]Job is a success!
[2017.02.13-19.42.40:527][202]LogMaterial:Warning: Material /Game/Objects/TableLegText.TableLegText needed to have new flag set bUsedWithStaticLighting !
[2017.02.13-19.42.40:546][202]LogMaterial: Missing cached shader map for material TableLegText, compiling. 
[2017.02.13-19.42.40:653][202]LogMaterial: 0.00 seconds spent updating 1 materials, 1 interfaces, 0 instances, 0 with static permutations.
[2017.02.13-19.42.41:320][202]LogTexture:Display: Building textures: HQ_Lightmap0_1 (AutoDXT)
[2017.02.13-19.42.41:320][202]LogTexture:Display: Building textures: LQ_Lightmap_0_2 (DXT1)
[2017.02.13-19.42.41:320][202]LogTexture:Display: Building textures: LQ_Lightmap_0_1 (DXT1)
[2017.02.13-19.42.41:320][202]LogTexture:Display: Building textures: HQ_Lightmap0_2 (AutoDXT)
[2017.02.13-19.42.43:047][202]LogTexture:Display: Building textures: ShadowMapTexture2D_0 (BGRA8)
[2017.02.13-19.42.43:592][202]Lightmass on HOMERIG: 12.5 sec total, 599 ms importing, 128 ms setup, 1.56 sec photons, 9.11 sec processing, 0 ms extra exporting [7/7 mappings]. Threads: 58.7 sec total, 6.31 sec processing.
[2017.02.13-19.42.43:788][202]LogStaticLightingSystem: Illumination: 40.5 sec (578 ms encoding lightmaps, 1.76 sec encoding shadowmaps)
[2017.02.13-19.42.43:789][202]LogStaticLightingSystem: Lightmap texture memory:  2.0 MB (0.0 MB streaming, 2.0 MB non-streaming), 4 textures
[2017.02.13-19.42.43:789][202]LogStaticLightingSystem: Shadowmap texture memory: 2.7 MB (0.0 MB streaming, 2.7 MB non-streaming), 1 textures
[2017.02.13-19.42.46:926][202]DumpUnbuiltLightIteractions
[2017.02.13-19.42.46:926][202]Lights with unbuilt interactions: 0
[2017.02.13-19.42.46:926][202]
[2017.02.13-19.42.46:926][202]Primitives with unbuilt interactions: 0
[2017.02.13-19.42.46:942][203]Cmd: MAP CHECK NOTIFYRESULTS
[2017.02.13-19.42.46:942][203]MapCheck: New page: TestMap - 13 Feb 2017 19:42:46
[2017.02.13-19.42.47:608][203]MapCheck: Info Map check complete: 0 Error(s), 0 Warning(s), took 665.246ms to complete.
[2017.02.13-19.43.43:617][ 21]LogEditorViewport: Clicking on Actor (LMB): StaticMeshActor (Table)
[2017.02.13-19.43.46:951][290]MapCheck: New page: Map Check
[2017.02.13-19.43.46:977][290]Cmd: MAP REBUILD ALLVISIBLE
[2017.02.13-19.43.46:977][290]LogEditorServer: Rebuildmap Clear paths rebuilt
[2017.02.13-19.43.47:238][290]LightingResults: New page: Lighting Build - 13 Feb 2017 19:43:47
[2017.02.13-19.43.47:348][290]LogSwarmInterface: [OpenConnection] Registering TCP channel ...
[2017.02.13-19.43.47:363][290]LogSwarmInterface: [OpenConnection] Connecting to agent ...
[2017.02.13-19.43.47:363][290]LogSwarmInterface: [TryOpenConnection] Testing the Agent
[2017.02.13-19.43.47:366][290]LogSwarmInterface: [TryOpenConnection] Opening Connection to Agent
[2017.02.13-19.43.47:366][290]LogSwarmInterface: [TryOpenConnection] Local Process ID is 9292
[2017.02.13-19.43.51:886][290]LogStaticLightingSystem:Warning: No importance volume found, so the scene bounding box was used.  You can optimize your scene's quality and lighting build times by adding importance volumes.
[2017.02.13-19.43.51:887][290]LogStaticLightingSystem: Running Lightmass w/ ImmediateImport mode ENABLED
[2017.02.13-19.43.51:887][290]LogStaticLightingSystem: Running Lightmass w/ ImmediateProcess mode ENABLED
[2017.02.13-19.43.51:887][290]LogStaticLightingSystem: Running Lightmass w/ Sorting mode ENABLED
[2017.02.13-19.43.51:887][290]LogStaticLightingSystem: Running Lightmass w/ Mapping paddings ENABLED
[2017.02.13-19.43.51:887][290]LogStaticLightingSystem: Running Lightmass w/ Mapping debug paddings DISABLED
[2017.02.13-19.43.52:184][290]Cmd: MAP CHECK DONTDISPLAYDIALOG
[2017.02.13-19.43.52:184][290]MapCheck: New page: TestMap - 13 Feb 2017 19:43:52
[2017.02.13-19.43.52:185][290]MapCheck:Error: Error WorldSettings Maps need lighting rebuilt 
[2017.02.13-19.43.52:419][290]MapCheck: Info Map check complete: 1 Error(s), 0 Warning(s), took 234.811ms to complete.
[2017.02.13-19.43.52:442][290]LogEditorBuildUtils: Build time 0:05
[2017.02.13-19.43.52:481][290]LogMaterial: Missing cached shader map for material FLightmassMaterialRenderer TableLegText, compiling. 
[2017.02.13-19.43.52:491][290]LogMaterial: Missing cached shader map for material FLightmassMaterialRenderer TableLegText, compiling. 
[2017.02.13-19.44.07:625][311]Job is a success!
[2017.02.13-19.44.08:004][312]LogTexture:Display: Building textures: HQ_Lightmap1_1 (AutoDXT)
[2017.02.13-19.44.08:004][312]LogTexture:Display: Building textures: LQ_Lightmap_1_1 (DXT1)
[2017.02.13-19.44.08:004][312]LogTexture:Display: Building textures: LQ_Lightmap_1_2 (DXT1)
[2017.02.13-19.44.08:004][312]LogTexture:Display: Building textures: HQ_Lightmap1_2 (AutoDXT)
[2017.02.13-19.44.08:337][312]LogTexture:Display: Building textures: ShadowMapTexture2D_1 (BGRA8)
[2017.02.13-19.44.08:449][312]Lightmass on HOMERIG: 10.8 sec total, 6.35 sec importing, 130 ms setup, 796 ms photons, 3.48 sec processing, 0 ms extra exporting [7/7 mappings]. Threads: 23.8 sec total, 4.33 sec processing.
[2017.02.13-19.44.08:456][312]LogStaticLightingSystem: Illumination: 21.1 sec (272 ms encoding lightmaps, 333 ms encoding shadowmaps)
[2017.02.13-19.44.08:456][312]LogStaticLightingSystem: Lightmap texture memory:  2.0 MB (0.0 MB streaming, 2.0 MB non-streaming), 4 textures
[2017.02.13-19.44.08:456][312]LogStaticLightingSystem: Shadowmap texture memory: 2.7 MB (0.0 MB streaming, 2.7 MB non-streaming), 1 textures
[2017.02.13-19.44.08:885][312]DumpUnbuiltLightIteractions
[2017.02.13-19.44.08:885][312]Lights with unbuilt interactions: 0
[2017.02.13-19.44.08:885][312]
[2017.02.13-19.44.08:885][312]Primitives with unbuilt interactions: 0
[2017.02.13-19.44.08:888][313]Cmd: MAP CHECK NOTIFYRESULTS
[2017.02.13-19.44.08:888][313]MapCheck: New page: TestMap - 13 Feb 2017 19:44:08
[2017.02.13-19.44.09:141][313]MapCheck: Info Map check complete: 0 Error(s), 0 Warning(s), took 253.153ms to complete.
[2017.02.13-19.44.14:863][811]Cmd: DELETE
[2017.02.13-19.44.14:864][811]Cmd: ACTOR DELETE
[2017.02.13-19.44.17:687][811]LogEditorActor: Deleted Actor: StaticMeshActor
[2017.02.13-19.44.17:741][811]LogEditorActor: Deleted 1 Actors (2.634 secs)
[2017.02.13-19.47.53:173][457]LogSavePackage: Save=36.64ms
[2017.02.13-19.47.53:173][457]LogSavePackage: Moving '../../../../../../Users/cyber_000.LR-HOME/Desktop/GameProject/FearOfMyDreams/Saved/TestMap_Auto16D71FD074060DD4368DCE390B8A48623.tmp' to '../../../../../../Users/cyber_000.LR-HOME/Desktop/GameProject/FearOfMyDreams/Saved/Autosaves/Game/Maps/TestMap_Auto1.umap'
[2017.02.13-19.47.53:177][457]LogSavePackage:Display: Finished SavePackage ../../../../../../Users/cyber_000.LR-HOME/Desktop/GameProject/FearOfMyDreams/Saved/Autosaves/Game/Maps/TestMap_Auto1.umap
[2017.02.13-19.47.53:186][457]Cmd: OBJ SAVEPACKAGE PACKAGE="/Game/Maps/TestMap_BuiltData" FILE="../../../../../../Users/cyber_000.LR-HOME/Desktop/GameProject/FearOfMyDreams/Content/Maps/TestMap_BuiltData.uasset" SILENT=true
[2017.02.13-19.47.53:226][457]LogSavePackage: Save=34.97ms
[2017.02.13-19.47.53:226][457]LogSavePackage: Moving '../../../../../../Users/cyber_000.LR-HOME/Desktop/GameProject/FearOfMyDreams/Saved/TestMap_BuiltDataEBD84BD8493B707782E29988AC4EB3F8.tmp' to '../../../../../../Users/cyber_000.LR-HOME/Desktop/GameProject/FearOfMyDreams/Content/Maps/TestMap_BuiltData.uasset'
[2017.02.13-19.47.53:229][457]LogSavePackage:Display: Finished SavePackage ../../../../../../Users/cyber_000.LR-HOME/Desktop/GameProject/FearOfMyDreams/Content/Maps/TestMap_BuiltData.uasset
[2017.02.13-19.47.53:231][457]LogFileHelpers: Editor autosave (incl. sublevels) for '/Game/Maps/TestMap' took 0.139
[2017.02.13-19.47.53:231][457]LogFileHelpers: Editor autosave (incl. sublevels) for all levels took 0.139
[2017.02.13-19.47.53:235][457]OBJ SavePackage: Generating thumbnails for [1] asset(s) in package [/Game/Objects/TableLegText] ([1] browsable assets)...
[2017.02.13-19.47.53:270][457]OBJ SavePackage:     Rendered thumbnail for [Material /Game/Objects/TableLegText.TableLegText]
[2017.02.13-19.47.53:270][457]OBJ SavePackage: Finished generating thumbnails for package [/Game/Objects/TableLegText]
[2017.02.13-19.47.53:315][457]LogSavePackage: Save=39.53ms
[2017.02.13-19.47.53:315][457]LogSavePackage: Moving '../../../../../../Users/cyber_000.LR-HOME/Desktop/GameProject/FearOfMyDreams/Saved/TableLegText_Auto184594B8B4E9FF9528682B2AA8CAF7D1F.tmp' to '../../../../../../Users/cyber_000.LR-HOME/Desktop/GameProject/FearOfMyDreams/Saved/Autosaves/Game/Objects/TableLegText_Auto1.uasset'
[2017.02.13-19.47.53:319][457]LogSavePackage:Display: Finished SavePackage ../../../../../../Users/cyber_000.LR-HOME/Desktop/GameProject/FearOfMyDreams/Saved/Autosaves/Game/Objects/TableLegText_Auto1.uasset
[2017.02.13-19.47.53:321][457]OBJ SavePackage: Generating thumbnails for [1] asset(s) in package [/Game/Objects/Table] ([1] browsable assets)...
[2017.02.13-19.47.53:346][457]OBJ SavePackage:     Rendered thumbnail for [StaticMesh /Game/Objects/Table.Table]
[2017.02.13-19.47.53:346][457]OBJ SavePackage: Finished generating thumbnails for package [/Game/Objects/Table]
[2017.02.13-19.47.53:374][457]LogSavePackage: Save=23.92ms
[2017.02.13-19.47.53:374][457]LogSavePackage: Moving '../../../../../../Users/cyber_000.LR-HOME/Desktop/GameProject/FearOfMyDreams/Saved/Table_Auto12C1BA8B94E52AAAAC9E5EA8D7AD79861.tmp' to '../../../../../../Users/cyber_000.LR-HOME/Desktop/GameProject/FearOfMyDreams/Saved/Autosaves/Game/Objects/Table_Auto1.uasset'
[2017.02.13-19.47.53:378][457]LogSavePackage:Display: Finished SavePackage ../../../../../../Users/cyber_000.LR-HOME/Desktop/GameProject/FearOfMyDreams/Saved/Autosaves/Game/Objects/Table_Auto1.uasset
[2017.02.13-19.47.53:378][457]LogFileHelpers: Auto-saving content packages took 0.146
[2017.02.13-19.54.11:369][985]Cmd: QUIT_EDITOR
[2017.02.13-19.54.12:356][985]LogWindowsTextInputMethodSystem:Display: IME system now deactivated.
[2017.02.13-19.54.12:420][985]LogExit: Preparing to exit.
[2017.02.13-19.54.13:555][985]LogDirectoryWatcher: A directory notification for 'C:/Users/cyber_000.LR-HOME/Desktop/GameProject/FearOfMyDreams/Content/' was aborted.
[2017.02.13-19.54.13:609][985]LogExit: Editor shut down
[2017.02.13-19.54.13:610][985]LogExit: Transaction tracking system shut down
[2017.02.13-19.54.14:583][985]LogObj: Freed 0b from 0 cluster array pools.
[2017.02.13-19.54.14:583][985]LogExit: Object subsystem successfully closed.
[2017.02.13-19.54.14:707][985]LogD3D11RHI: Shutdown
[2017.02.13-19.54.14:717][985]LogD3D11RHI: CleanupD3DDevice
[2017.02.13-19.54.14:919][985]LogD3D11RHI: ~FD3D11DynamicRHI
[2017.02.13-19.54.15:589][985]LogHttp:Display: Http module shutting down, but needs to wait on 1 outstanding Http requests:
[2017.02.13-19.54.15:589][985]LogHttp:Display: 	verb=[POST] url=[https://datarouter.ol.epicgames.com/datarouter/api/v1/public/data?SessionID=%7B693DF939-424A-09C9-95BA-E5AAD7DAB92E%7D&AppID=UEEditor.Rocket.Release&AppVersion=4.14.3-3249277%2B%2B%2BUE4%2BRelease-4.14&UserID=8a8456c144d73ef9c1b8cca5c978fff2%7C53250c553dcd4b428411acdce7098e58%7C27f0e808-dddd-4ba4-a91c-9a831e18e3c8&AppEnvironment=datacollector-binary&UploadType=eteventstream] status=Processing
[2017.02.13-19.54.15:641][985]LogModuleManager: Shutting down and abandoning module HierarchicalLODUtilities (243)
[2017.02.13-19.54.15:662][985]LogModuleManager: Shutting down and abandoning module MovieSceneCapture (242)
[2017.02.13-19.54.15:662][985]LogModuleManager: Shutting down and abandoning module HierarchicalLODOutliner (241)
[2017.02.13-19.54.15:668][985]LogModuleManager: Shutting down and abandoning module CrashTracker (240)
[2017.02.13-19.54.15:675][985]LogModuleManager: Shutting down and abandoning module SceneOutliner (239)
[2017.02.13-19.54.15:675][985]LogModuleManager: Shutting down and abandoning module WidgetCarousel (238)
[2017.02.13-19.54.15:675][985]LogModuleManager: Shutting down and abandoning module AddContentDialog (237)
[2017.02.13-19.54.15:704][985]LogDirectoryWatcher: A directory notification for 'C:/Program Files (x86)/Epic Games/4.14/FeaturePacks/' was aborted.
[2017.02.13-19.54.15:711][985]LogModuleManager: Shutting down and abandoning module GameplayTags (236)
[2017.02.13-19.54.15:711][985]LogModuleManager: Shutting down and abandoning module EditorWidgets (235)
[2017.02.13-19.54.15:711][985]LogModuleManager: Shutting down and abandoning module CollectionManager (234)
[2017.02.13-19.54.15:731][985]LogDirectoryWatcher: A directory notification for 'C:/Users/cyber_000.LR-HOME/Desktop/GameProject/FearOfMyDreams/Content/Collections/' was aborted.
[2017.02.13-19.54.15:731][985]LogDirectoryWatcher: A directory notification for 'C:/Users/cyber_000.LR-HOME/Desktop/GameProject/FearOfMyDreams/Content/Developers/CyberMacTíre/Collections/' was aborted.
[2017.02.13-19.54.15:731][985]LogDirectoryWatcher: A directory notification for 'C:/Users/cyber_000.LR-HOME/Desktop/GameProject/FearOfMyDreams/Saved/Collections/' was aborted.
[2017.02.13-19.54.15:732][985]LogModuleManager: Shutting down and abandoning module StatsViewer (233)
[2017.02.13-19.54.15:733][985]LogModuleManager: Shutting down and abandoning module FoliageEdit (232)
[2017.02.13-19.54.15:734][985]LogModuleManager: Shutting down and abandoning module LandscapeEditor (231)
[2017.02.13-19.54.15:745][985]LogModuleManager: Shutting down and abandoning module SceneDepthPickerMode (230)
[2017.02.13-19.54.15:745][985]LogModuleManager: Shutting down and abandoning module ActorPickerMode (229)
[2017.02.13-19.54.15:745][985]LogModuleManager: Shutting down and abandoning module GeometryMode (228)
[2017.02.13-19.54.15:745][985]LogModuleManager: Shutting down and abandoning module TextureAlignMode (227)
[2017.02.13-19.54.15:745][985]LogModuleManager: Shutting down and abandoning module BspMode (226)
[2017.02.13-19.54.15:745][985]LogModuleManager: Shutting down and abandoning module HardwareSurvey (225)
[2017.02.13-19.54.15:745][985]LogModuleManager: Shutting down and abandoning module SequenceRecorderSections (224)
[2017.02.13-19.54.15:757][985]LogModuleManager: Shutting down and abandoning module AutomationWorker (223)
[2017.02.13-19.54.15:763][985]LogModuleManager: Shutting down and abandoning module MatineeToLevelSequence (222)
[2017.02.13-19.54.15:773][985]LogModuleManager: Shutting down and abandoning module PlacementMode (221)
[2017.02.13-19.54.15:787][985]LogModuleManager: Shutting down and abandoning module LevelSequenceEditor (220)
[2017.02.13-19.54.15:801][985]LogModuleManager: Shutting down and abandoning module WmfMediaFactory (219)
[2017.02.13-19.54.15:801][985]LogModuleManager: Shutting down and abandoning module WmfMediaEditor (218)
[2017.02.13-19.54.15:801][985]LogModuleManager: Shutting down and abandoning module AvfMediaFactory (217)
[2017.02.13-19.54.15:801][985]LogModuleManager: Shutting down and abandoning module AvfMediaEditor (216)
[2017.02.13-19.54.15:801][985]LogModuleManager: Shutting down and abandoning module Media (215)
[2017.02.13-19.54.15:801][985]LogModuleManager: Shutting down and abandoning module AndroidMediaFactory (214)
[2017.02.13-19.54.15:801][985]LogModuleManager: Shutting down and abandoning module AndroidMediaEditor (213)
[2017.02.13-19.54.15:801][985]LogModuleManager: Shutting down and abandoning module CharacterAI (212)
[2017.02.13-19.54.15:801][985]LogModuleManager: Shutting down and abandoning module SequenceRecorder (211)
[2017.02.13-19.54.15:833][985]LogModuleManager: Shutting down and abandoning module AudioCapture (210)
[2017.02.13-19.54.15:833][985]LogModuleManager: Shutting down and abandoning module SmartSnapping (209)
[2017.02.13-19.54.15:833][985]LogModuleManager: Shutting down and abandoning module SessionServices (208)
[2017.02.13-19.54.15:833][985]LogModuleManager: Shutting down and abandoning module ViewportSnapping (207)
[2017.02.13-19.54.15:833][985]LogModuleManager: Shutting down and abandoning module ViewportInteraction (206)
[2017.02.13-19.54.15:833][985]LogModuleManager: Shutting down and abandoning module LogVisualizer (205)
[2017.02.13-19.54.15:841][985]LogModuleManager: Shutting down and abandoning module GameProjectGeneration (204)
[2017.02.13-19.54.15:853][985]LogModuleManager: Shutting down and abandoning module IntroTutorials (203)
[2017.02.13-19.54.15:854][985]LogModuleManager: Shutting down and abandoning module EditorLiveStreaming (202)
[2017.02.13-19.54.15:854][985]LogModuleManager: Shutting down and abandoning module IOSPlatformEditor (201)
[2017.02.13-19.54.15:867][985]LogModuleManager: Shutting down and abandoning module HTML5PlatformEditor (200)
[2017.02.13-19.54.15:867][985]LogModuleManager: Shutting down and abandoning module AndroidDeviceDetection (199)
[2017.02.13-19.54.16:191][985]LogModuleManager: Shutting down and abandoning module AndroidPlatformEditor (198)
[2017.02.13-19.54.16:206][985]LogModuleManager: Shutting down and abandoning module IOSRuntimeSettings (197)
[2017.02.13-19.54.16:206][985]LogModuleManager: Shutting down and abandoning module AndroidRuntimeSettings (196)
[2017.02.13-19.54.16:206][985]LogModuleManager: Shutting down and abandoning module InputBindingEditor (195)
[2017.02.13-19.54.16:215][985]LogModuleManager: Shutting down and abandoning module NiagaraEditor (194)
[2017.02.13-19.54.16:231][985]LogModuleManager: Shutting down and abandoning module MergeActors (193)
[2017.02.13-19.54.16:235][985]LogModuleManager: Shutting down and abandoning module SizeMap (192)
[2017.02.13-19.54.16:236][985]LogModuleManager: Shutting down and abandoning module TreeMap (191)
[2017.02.13-19.54.16:243][985]LogModuleManager: Shutting down and abandoning module ReferenceViewer (190)
[2017.02.13-19.54.16:243][985]LogModuleManager: Shutting down and abandoning module LocalizationService (189)
[2017.02.13-19.54.16:251][985]LogModuleManager: Shutting down and abandoning module LocalizationDashboard (188)
[2017.02.13-19.54.16:268][985]LogModuleManager: Shutting down and abandoning module HardwareTargeting (187)
[2017.02.13-19.54.16:281][985]LogModuleManager: Shutting down and abandoning module DeviceProfileEditor (186)
[2017.02.13-19.54.16:290][985]LogModuleManager: Shutting down and abandoning module UndoHistory (185)
[2017.02.13-19.54.16:299][985]LogModuleManager: Shutting down and abandoning module UserFeedback (184)
[2017.02.13-19.54.16:299][985]LogModuleManager: Shutting down and abandoning module XmlParser (183)
[2017.02.13-19.54.16:299][985]LogModuleManager: Shutting down and abandoning module Blutility (182)
[2017.02.13-19.54.16:311][985]LogModuleManager: Shutting down and abandoning module ProjectTargetPlatformEditor (181)
[2017.02.13-19.54.16:312][985]LogModuleManager: Shutting down and abandoning module ProjectSettingsViewer (180)
[2017.02.13-19.54.16:312][985]LogModuleManager: Shutting down and abandoning module EditorSettingsViewer (179)
[2017.02.13-19.54.16:312][985]LogModuleManager: Shutting down and abandoning module SettingsEditor (178)
[2017.02.13-19.54.16:332][985]LogModuleManager: Shutting down and abandoning module ProjectLauncher (177)
[2017.02.13-19.54.16:338][985]LogModuleManager: Shutting down and abandoning module SessionFrontend (176)
[2017.02.13-19.54.16:356][985]LogModuleManager: Shutting down and abandoning module ProfilerClient (175)
[2017.02.13-19.54.16:364][985]LogModuleManager: Shutting down and abandoning module TargetDeviceServices (174)
[2017.02.13-19.54.16:364][985]LogModuleManager: Shutting down and abandoning module DeviceManager (173)
[2017.02.13-19.54.16:419][985]LogModuleManager: Shutting down and abandoning module AutomationController (172)
[2017.02.13-19.54.16:449][985]LogModuleManager: Shutting down and abandoning module AutomationWindow (171)
[2017.02.13-19.54.16:462][985]LogModuleManager: Shutting down and abandoning module Layers (170)
[2017.02.13-19.54.16:486][985]LogModuleManager: Shutting down and abandoning module ComponentVisualizers (169)
[2017.02.13-19.54.16:486][985]LogModuleManager: Shutting down and abandoning module DetailCustomizations (168)
[2017.02.13-19.54.16:486][985]LogModuleManager: Shutting down and abandoning module PackagesDialog (167)
[2017.02.13-19.54.16:487][985]LogModuleManager: Shutting down and abandoning module AnimGraph (166)
[2017.02.13-19.54.16:487][985]LogModuleManager: Shutting down and abandoning module Persona (165)
[2017.02.13-19.54.16:501][985]LogModuleManager: Shutting down and abandoning module Kismet (164)
[2017.02.13-19.54.16:509][985]LogModuleManager: Shutting down and abandoning module GraphEditor (163)
[2017.02.13-19.54.16:552][985]LogModuleManager: Shutting down and abandoning module ClassViewer (162)
[2017.02.13-19.54.16:556][985]LogModuleManager: Shutting down and abandoning module Toolbox (161)
[2017.02.13-19.54.16:564][985]LogModuleManager: Shutting down and abandoning module ModuleUI (160)
[2017.02.13-19.54.16:570][985]LogModuleManager: Shutting down and abandoning module MovieSceneTools (159)
[2017.02.13-19.54.16:589][985]LogModuleManager: Shutting down and abandoning module OutputLog (158)
[2017.02.13-19.54.16:604][985]LogModuleManager: Shutting down and abandoning module GammaUI (157)
[2017.02.13-19.54.16:611][985]LogModuleManager: Shutting down and abandoning module Documentation (156)
[2017.02.13-19.54.16:612][985]LogModuleManager: Shutting down and abandoning module Niagara (155)
[2017.02.13-19.54.16:612][985]LogModuleManager: Shutting down and abandoning module StreamingPauseRendering (154)
[2017.02.13-19.54.16:612][985]LogModuleManager: Shutting down and abandoning module AnalyticsET (153)
[2017.02.13-19.54.16:612][985]LogModuleManager: Shutting down and abandoning module PortalServices (152)
[2017.02.13-19.54.16:612][985]LogModuleManager: Shutting down and abandoning module PortalRpc (151)
[2017.02.13-19.54.16:612][985]LogModuleManager: Shutting down and abandoning module MessagingRpc (150)
[2017.02.13-19.54.16:612][985]LogModuleManager: Shutting down and abandoning module GameplayDebugger (149)
[2017.02.13-19.54.16:613][985]LogModuleManager: Shutting down and abandoning module AITestSuite (148)
[2017.02.13-19.54.16:626][985]LogModuleManager: Shutting down and abandoning module AIModule (147)
[2017.02.13-19.54.16:626][985]LogModuleManager: Shutting down and abandoning module ProfilerService (146)
[2017.02.13-19.54.16:699][985]LogModuleManager: Shutting down and abandoning module TaskGraph (145)
[2017.02.13-19.54.16:701][985]LogModuleManager: Shutting down and abandoning module SlateRemote (144)
[2017.02.13-19.54.16:701][985]LogModuleManager: Shutting down and abandoning module SteamVRController (143)
[2017.02.13-19.54.16:701][985]LogModuleManager: Shutting down and abandoning module SteamVR (142)
[2017.02.13-19.54.16:701][985]LogModuleManager: Shutting down and abandoning module ProceduralMeshComponentEditor (141)
[2017.02.13-19.54.16:701][985]LogModuleManager: Shutting down and abandoning module ProceduralMeshComponent (140)
[2017.02.13-19.54.16:719][985]LogModuleManager: Shutting down and abandoning module OculusLibrary (139)
[2017.02.13-19.54.16:719][985]LogModuleManager: Shutting down and abandoning module OculusInput (138)
[2017.02.13-19.54.16:719][985]LogModuleManager: Shutting down and abandoning module MobilePatchingUtils (137)
[2017.02.13-19.54.16:719][985]LogModuleManager: Shutting down and abandoning module CustomMeshComponent (136)
[2017.02.13-19.54.16:719][985]LogModuleManager: Shutting down and abandoning module CableComponent (135)
[2017.02.13-19.54.16:719][985]LogModuleManager: Shutting down and abandoning module ArchVisCharacter (134)
[2017.02.13-19.54.16:719][985]LogModuleManager: Shutting down and abandoning module MediaPlayerEditor (132)
[2017.02.13-19.54.16:742][985]LogModuleManager: Shutting down and abandoning module HTML5Networking (131)
[2017.02.13-19.54.16:742][985]LogModuleManager: Shutting down and abandoning module GeometryCacheEd (130)
[2017.02.13-19.54.16:742][985]LogModuleManager: Shutting down and abandoning module GeometryCache (129)
[2017.02.13-19.54.16:742][985]LogModuleManager: Shutting down and abandoning module AlembicLibrary (128)
[2017.02.13-19.54.16:750][985]LogModuleManager: Shutting down and abandoning module AlembicImporter (127)
[2017.02.13-19.54.16:754][985]LogModuleManager: Shutting down and abandoning module SuperSearch (126)
[2017.02.13-19.54.16:754][985]LogModuleManager: Shutting down and abandoning module SuperSearchEditor (125)
[2017.02.13-19.54.16:754][985]LogModuleManager: Shutting down and abandoning module SpeedTreeImporter (124)
[2017.02.13-19.54.16:754][985]LogModuleManager: Shutting down and abandoning module PluginBrowser (123)
[2017.02.13-19.54.16:768][985]LogModuleManager: Shutting down and abandoning module MobileLauncherProfileWizard (122)
[2017.02.13-19.54.16:788][985]LogModuleManager: Shutting down and abandoning module EpicSurvey (121)
[2017.02.13-19.54.16:800][985]LogModuleManager: Shutting down and abandoning module DesktopPlatform (120)
[2017.02.13-19.54.16:800][985]LogModuleManager: Shutting down and abandoning module VisualStudioSourceCodeAccess (119)
[2017.02.13-19.54.16:811][985]LogModuleManager: Shutting down and abandoning module UObjectPlugin (118)
[2017.02.13-19.54.16:811][985]LogModuleManager: Shutting down and abandoning module SubversionSourceControl (117)
[2017.02.13-19.54.16:831][985]LogModuleManager: Shutting down and abandoning module PerforceSourceControl (116)
[2017.02.13-19.54.16:852][985]LogModuleManager: Shutting down and abandoning module SourceControl (115)
[2017.02.13-19.54.16:854][985]LogModuleManager: Shutting down and abandoning module GitSourceControl (114)
[2017.02.13-19.54.16:866][985]LogModuleManager: Shutting down and abandoning module LightPropagationVolumeEditor (113)
[2017.02.13-19.54.16:866][985]LogModuleManager: Shutting down and abandoning module PaperTiledImporter (112)
[2017.02.13-19.54.16:875][985]LogModuleManager: Shutting down and abandoning module PaperSpriteSheetImporter (111)
[2017.02.13-19.54.16:875][985]LogModuleManager: Shutting down and abandoning module MeshPaint (110)
[2017.02.13-19.54.16:875][985]LogModuleManager: Shutting down and abandoning module PixelInspectorModule (109)
[2017.02.13-19.54.16:876][985]LogModuleManager: Shutting down and abandoning module HotReload (108)
[2017.02.13-19.54.16:877][985]LogModuleManager: Shutting down and abandoning module MainFrame (107)
[2017.02.13-19.54.16:877][985]LogModuleManager: Shutting down and abandoning module LevelEditor (106)
[2017.02.13-19.54.16:881][985]LogModuleManager: Shutting down and abandoning module ContentBrowser (105)
[2017.02.13-19.54.16:883][985]LogModuleManager: Shutting down and abandoning module Paper2DEditor (104)
[2017.02.13-19.54.16:898][985]LogModuleManager: Shutting down and abandoning module UdpMessaging (103)
[2017.02.13-19.54.16:999][985]LogModuleManager: Shutting down and abandoning module TcpMessaging (102)
[2017.02.13-19.54.17:112][985]LogModuleManager: Shutting down and abandoning module LightPropagationVolumeRuntime (101)
[2017.02.13-19.54.17:112][985]LogModuleManager: Shutting down and abandoning module Paper2D (100)
[2017.02.13-19.54.17:122][985]LogModuleManager: Shutting down and abandoning module WindowsMoviePlayer (99)
[2017.02.13-19.54.17:131][985]LogModuleManager: Shutting down and abandoning module WmfMedia (98)
[2017.02.13-19.54.17:140][985]LogModuleManager: Shutting down and abandoning module MediaAssets (97)
[2017.02.13-19.54.17:154][985]LogModuleManager: Shutting down and abandoning module GameLiveStreaming (96)
[2017.02.13-19.54.17:155][985]LogModuleManager: Shutting down and abandoning module GameplayTagsEditor (95)
[2017.02.13-19.54.17:155][985]LogModuleManager: Shutting down and abandoning module VREditor (94)
[2017.02.13-19.54.17:155][985]LogModuleManager: Shutting down and abandoning module GameplayTasksEditor (93)
[2017.02.13-19.54.17:155][985]LogModuleManager: Shutting down and abandoning module BehaviorTreeEditor (92)
[2017.02.13-19.54.17:181][985]LogModuleManager: Shutting down and abandoning module FunctionalTesting (91)
[2017.02.13-19.54.17:181][985]LogModuleManager: Shutting down and abandoning module CollisionAnalyzer (90)
[2017.02.13-19.54.17:191][985]LogModuleManager: Shutting down and abandoning module Sequencer (89)
[2017.02.13-19.54.17:194][985]LogModuleManager: Shutting down and abandoning module WorkspaceMenuStructure (88)
[2017.02.13-19.54.17:194][985]LogModuleManager: Shutting down and abandoning module MessageLog (87)
[2017.02.13-19.54.17:194][985]LogModuleManager: Shutting down and abandoning module AssetTools (86)
[2017.02.13-19.54.17:208][985]LogModuleManager: Shutting down and abandoning module UMGEditor (85)
[2017.02.13-19.54.17:227][985]LogModuleManager: Shutting down and abandoning module UMG (84)
[2017.02.13-19.54.17:236][985]LogModuleManager: Shutting down and abandoning module SlateReflector (83)
[2017.02.13-19.54.17:274][985]LogModuleManager: Shutting down and abandoning module Slate (82)
[2017.02.13-19.54.17:274][985]LogModuleManager: Shutting down and abandoning module EditorStyle (81)
[2017.02.13-19.54.17:289][985]LogModuleManager: Shutting down and abandoning module SourceCodeAccess (80)
[2017.02.13-19.54.17:289][985]LogModuleManager: Shutting down and abandoning module HeadMountedDisplay (79)
[2017.02.13-19.54.17:289][985]LogModuleManager: Shutting down and abandoning module XAudio2 (78)
[2017.02.13-19.54.17:289][985]LogModuleManager: Shutting down and abandoning module Networking (76)
[2017.02.13-19.54.17:289][985]LogModuleManager: Shutting down and abandoning module Core (75)
[2017.02.13-19.54.17:289][985]LogModuleManager: Shutting down and abandoning module DirectoryWatcher (74)
[2017.02.13-19.54.17:290][985]LogDirectoryWatcher: A directory notification for '../../../Engine/Content/' was aborted.
[2017.02.13-19.54.17:290][985]LogDirectoryWatcher: A directory notification for '../../../../../../Users/cyber_000.LR-HOME/Desktop/GameProject/FearOfMyDreams/Content/' was aborted.
[2017.02.13-19.54.17:290][985]LogDirectoryWatcher: A directory notification for '../../../Engine/Plugins/2D/Paper2D/Content/' was aborted.
[2017.02.13-19.54.17:291][985]LogModuleManager: Shutting down and abandoning module AssetRegistry (73)
[2017.02.13-19.54.17:498][985]LogModuleManager: Shutting down and abandoning module KismetCompiler (72)
[2017.02.13-19.54.17:498][985]LogModuleManager: Shutting down and abandoning module PhysXFormats (71)
[2017.02.13-19.54.17:498][985]LogModuleManager: Shutting down and abandoning module SimplygonSwarm (70)
[2017.02.13-19.54.17:509][985]LogModuleManager: Shutting down and abandoning module SimplygonMeshReduction (69)
[2017.02.13-19.54.17:522][985]LogModuleManager: Shutting down and abandoning module QuadricMeshReduction (68)
[2017.02.13-19.54.17:535][985]LogModuleManager: Shutting down and abandoning module PropertyEditor (67)
[2017.02.13-19.54.17:535][985]LogModuleManager: Shutting down and abandoning module MeshUtilities (66)
[2017.02.13-19.54.17:560][985]LogModuleManager: Shutting down and abandoning module DerivedDataCache (65)
[2017.02.13-19.54.17:662][985]LogDerivedDataCache: Shutdown
[2017.02.13-19.54.17:662][985]LogModuleManager: Shutting down and abandoning module VulkanShaderFormat (64)
[2017.02.13-19.54.17:674][985]LogModuleManager: Shutting down and abandoning module ShaderFormatOpenGL (63)
[2017.02.13-19.54.17:687][985]LogModuleManager: Shutting down and abandoning module ShaderFormatD3D (62)
[2017.02.13-19.54.17:688][985]LogModuleManager: Shutting down and abandoning module MetalShaderFormat (61)
[2017.02.13-19.54.17:697][985]LogModuleManager: Shutting down and abandoning module TextureFormatUncompressed (60)
[2017.02.13-19.54.17:697][985]LogModuleManager: Shutting down and abandoning module TextureFormatPVR (59)
[2017.02.13-19.54.17:710][985]LogModuleManager: Shutting down and abandoning module TextureFormatDXT (58)
[2017.02.13-19.54.17:710][985]LogModuleManager: Shutting down and abandoning module TextureFormatIntelISPCTexComp (57)
[2017.02.13-19.54.17:727][985]LogModuleManager: Shutting down and abandoning module ImageWrapper (56)
[2017.02.13-19.54.17:727][985]LogModuleManager: Shutting down and abandoning module TextureFormatASTC (55)
[2017.02.13-19.54.17:727][985]LogModuleManager: Shutting down and abandoning module TextureFormatAndroid (54)
[2017.02.13-19.54.17:727][985]LogModuleManager: Shutting down and abandoning module AudioFormatOpus (53)
[2017.02.13-19.54.17:736][985]LogModuleManager: Shutting down and abandoning module AudioFormatOgg (52)
[2017.02.13-19.54.17:737][985]LogModuleManager: Shutting down and abandoning module AudioFormatADPCM (51)
[2017.02.13-19.54.17:737][985]LogModuleManager: Shutting down and abandoning module LinuxTargetPlatform (50)
[2017.02.13-19.54.17:737][985]LogModuleManager: Shutting down and abandoning module LinuxServerTargetPlatform (49)
[2017.02.13-19.54.17:749][985]LogModuleManager: Shutting down and abandoning module LinuxNoEditorTargetPlatform (48)
[2017.02.13-19.54.17:756][985]LogModuleManager: Shutting down and abandoning module LinuxClientTargetPlatform (47)
[2017.02.13-19.54.17:765][985]LogModuleManager: Shutting down and abandoning module TVOSTargetPlatform (46)
[2017.02.13-19.54.17:765][985]LogModuleManager: Shutting down and abandoning module Messaging (45)
[2017.02.13-19.54.17:765][985]LogModuleManager: Shutting down and abandoning module IOSTargetPlatform (44)
[2017.02.13-19.54.17:765][985]LogModuleManager: Shutting down and abandoning module HTML5TargetPlatform (43)
[2017.02.13-19.54.17:765][985]LogModuleManager: Shutting down and abandoning module Android_PVRTCTargetPlatform (42)
[2017.02.13-19.54.17:765][985]LogModuleManager: Shutting down and abandoning module Android_MultiTargetPlatform (41)
[2017.02.13-19.54.17:765][985]LogModuleManager: Shutting down and abandoning module Android_ETC2TargetPlatform (40)
[2017.02.13-19.54.17:765][985]LogModuleManager: Shutting down and abandoning module Android_ETC1TargetPlatform (39)
[2017.02.13-19.54.17:765][985]LogModuleManager: Shutting down and abandoning module Android_DXTTargetPlatform (38)
[2017.02.13-19.54.17:765][985]LogModuleManager: Shutting down and abandoning module Android_ATCTargetPlatform (37)
[2017.02.13-19.54.17:765][985]LogModuleManager: Shutting down and abandoning module Android_ASTCTargetPlatform (36)
[2017.02.13-19.54.17:765][985]LogModuleManager: Shutting down and abandoning module AndroidTargetPlatform (35)
[2017.02.13-19.54.17:765][985]LogModuleManager: Shutting down and abandoning module WindowsTargetPlatform (34)
[2017.02.13-19.54.17:765][985]LogModuleManager: Shutting down and abandoning module WindowsServerTargetPlatform (33)
[2017.02.13-19.54.17:769][985]LogModuleManager: Shutting down and abandoning module WindowsNoEditorTargetPlatform (32)
[2017.02.13-19.54.17:777][985]LogModuleManager: Shutting down and abandoning module WindowsClientTargetPlatform (31)
[2017.02.13-19.54.17:794][985]LogModuleManager: Shutting down and abandoning module MacTargetPlatform (30)
[2017.02.13-19.54.17:794][985]LogModuleManager: Shutting down and abandoning module MacServerTargetPlatform (29)
[2017.02.13-19.54.17:794][985]LogModuleManager: Shutting down and abandoning module MacNoEditorTargetPlatform (28)
[2017.02.13-19.54.17:794][985]LogModuleManager: Shutting down and abandoning module MacClientTargetPlatform (27)
[2017.02.13-19.54.17:794][985]LogModuleManager: Shutting down and abandoning module AllDesktopTargetPlatform (26)
[2017.02.13-19.54.17:794][985]LogModuleManager: Shutting down and abandoning module TargetPlatform (25)
[2017.02.13-19.54.17:794][985]LogModuleManager: Shutting down and abandoning module InputCore (24)
[2017.02.13-19.54.17:794][985]LogModuleManager: Shutting down and abandoning module Settings (23)
[2017.02.13-19.54.17:794][985]LogModuleManager: Shutting down and abandoning module OculusRift (22)
[2017.02.13-19.54.17:801][985]LogModuleManager: Shutting down and abandoning module ExampleDeviceProfileSelector (21)
[2017.02.13-19.54.17:801][985]LogModuleManager: Shutting down and abandoning module OnlineBlueprintSupport (20)
[2017.02.13-19.54.17:801][985]LogModuleManager: Shutting down and abandoning module OnlineSubsystem (18)
[2017.02.13-19.54.17:801][985]LogOnline:Display: Unloading online subsystem: NULL
[2017.02.13-19.54.17:802][985]LogModuleManager: Shutting down and abandoning module SSL (17)
[2017.02.13-19.54.17:806][985]LogModuleManager: Shutting down and abandoning module HTTP (16)
[2017.02.13-19.54.17:806][985]LogModuleManager: Shutting down and abandoning module XMPP (15)
[2017.02.13-19.54.17:823][985]LogModuleManager: Shutting down and abandoning module TextureCompressor (14)
[2017.02.13-19.54.17:823][985]LogModuleManager: Shutting down and abandoning module ShaderCore (13)
[2017.02.13-19.54.17:823][985]LogModuleManager: Shutting down and abandoning module Landscape (12)
[2017.02.13-19.54.17:823][985]LogModuleManager: Shutting down and abandoning module SlateRHIRenderer (11)
[2017.02.13-19.54.17:838][985]LogModuleManager: Shutting down and abandoning module OpenGLDrv (10)
[2017.02.13-19.54.17:851][985]LogModuleManager: Shutting down and abandoning module D3D11RHI (9)
[2017.02.13-19.54.17:851][985]LogModuleManager: Shutting down and abandoning module AnimGraphRuntime (8)
[2017.02.13-19.54.17:852][985]LogModuleManager: Shutting down and abandoning module Renderer (7)
[2017.02.13-19.54.17:852][985]LogModuleManager: Shutting down and abandoning module Engine (6)
[2017.02.13-19.54.17:852][985]LogModuleManager: Shutting down and abandoning module CoreUObject (5)
[2017.02.13-19.54.17:852][985]LogModuleManager: Shutting down and abandoning module NetworkFile (4)
[2017.02.13-19.54.17:853][985]LogModuleManager: Shutting down and abandoning module StreamingFile (3)
[2017.02.13-19.54.17:858][985]LogModuleManager: Shutting down and abandoning module SandboxFile (2)
[2017.02.13-19.54.17:858][985]LogModuleManager: Shutting down and abandoning module PakFile (1)
[2017.02.13-19.54.17:873][985]LogExit: Exiting.
[2017.02.13-19.54.17:922][985]Log file closed, 02/13/17 19:54:17
